{"/home/maixnor/repo/languagebuddy/backend/src/agents/language-buddy-agent.ts": {"path":"/home/maixnor/repo/languagebuddy/backend/src/agents/language-buddy-agent.ts","statementMap":{"0":{"start":{"line":1,"column":0},"end":{"line":1,"column":71}},"1":{"start":{"line":4,"column":0},"end":{"line":4,"column":35}},"2":{"start":{"line":5,"column":0},"end":{"line":5,"column":63}},"3":{"start":{"line":6,"column":0},"end":{"line":6,"column":59}},"4":{"start":{"line":11,"column":0},"end":{"line":11,"column":null}},"5":{"start":{"line":18,"column":0},"end":{"line":18,"column":56}},"6":{"start":{"line":25,"column":4},"end":{"line":25,"column":37}},"7":{"start":{"line":28,"column":21},"end":{"line":35,"column":6}},"8":{"start":{"line":37,"column":4},"end":{"line":41,"column":null}},"9":{"start":{"line":44,"column":4},"end":{"line":57,"column":5}},"10":{"start":{"line":45,"column":6},"end":{"line":45,"column":108}},"11":{"start":{"line":46,"column":6},"end":{"line":46,"column":64}},"12":{"start":{"line":47,"column":21},"end":{"line":49,"column":null}},"13":{"start":{"line":52,"column":6},"end":{"line":52,"column":133}},"14":{"start":{"line":53,"column":6},"end":{"line":53,"column":97}},"15":{"start":{"line":55,"column":6},"end":{"line":55,"column":87}},"16":{"start":{"line":56,"column":6},"end":{"line":56,"column":92}},"17":{"start":{"line":61,"column":4},"end":{"line":64,"column":5}},"18":{"start":{"line":62,"column":8},"end":{"line":62,"column":71}},"19":{"start":{"line":63,"column":8},"end":{"line":63,"column":74}},"20":{"start":{"line":65,"column":4},"end":{"line":68,"column":5}},"21":{"start":{"line":66,"column":8},"end":{"line":66,"column":49}},"22":{"start":{"line":67,"column":8},"end":{"line":67,"column":52}},"23":{"start":{"line":70,"column":4},"end":{"line":70,"column":107}},"24":{"start":{"line":72,"column":4},"end":{"line":72,"column":62}},"25":{"start":{"line":73,"column":21},"end":{"line":75,"column":null}},"26":{"start":{"line":78,"column":4},"end":{"line":78,"column":135}},"27":{"start":{"line":79,"column":4},"end":{"line":79,"column":67}},"28":{"start":{"line":83,"column":4},"end":{"line":87,"column":5}},"29":{"start":{"line":84,"column":6},"end":{"line":84,"column":54}},"30":{"start":{"line":86,"column":6},"end":{"line":86,"column":73}},"31":{"start":{"line":91,"column":4},"end":{"line":101,"column":5}},"32":{"start":{"line":92,"column":25},"end":{"line":92,"column":73}},"33":{"start":{"line":93,"column":6},"end":{"line":96,"column":7}},"34":{"start":{"line":94,"column":8},"end":{"line":94,"column":74}},"35":{"start":{"line":95,"column":8},"end":{"line":95,"column":21}},"36":{"start":{"line":97,"column":6},"end":{"line":97,"column":18}},"37":{"start":{"line":99,"column":6},"end":{"line":99,"column":98}},"38":{"start":{"line":100,"column":6},"end":{"line":100,"column":19}},"39":{"start":{"line":107,"column":19},"end":{"line":107,"column":79}},"40":{"start":{"line":108,"column":4},"end":{"line":117,"column":5}},"41":{"start":{"line":109,"column":21},"end":{"line":111,"column":null}},"42":{"start":{"line":113,"column":6},"end":{"line":113,"column":91}},"43":{"start":{"line":115,"column":6},"end":{"line":115,"column":62}},"44":{"start":{"line":116,"column":6},"end":{"line":116,"column":63}},"45":{"start":{"line":20,"column":0},"end":{"line":20,"column":13}}},"fnMap":{"0":{"name":"(anonymous_0)","decl":{"start":{"line":24,"column":2},"end":{"line":24,"column":14}},"loc":{"start":{"line":24,"column":65},"end":{"line":42,"column":3}}},"1":{"name":"(anonymous_1)","decl":{"start":{"line":43,"column":2},"end":{"line":43,"column":7}},"loc":{"start":{"line":43,"column":95},"end":{"line":58,"column":3}}},"2":{"name":"(anonymous_2)","decl":{"start":{"line":60,"column":2},"end":{"line":60,"column":7}},"loc":{"start":{"line":60,"column":71},"end":{"line":80,"column":3}}},"3":{"name":"(anonymous_3)","decl":{"start":{"line":82,"column":2},"end":{"line":82,"column":7}},"loc":{"start":{"line":82,"column":39},"end":{"line":88,"column":3}}},"4":{"name":"(anonymous_4)","decl":{"start":{"line":90,"column":2},"end":{"line":90,"column":7}},"loc":{"start":{"line":90,"column":55},"end":{"line":102,"column":3}}},"5":{"name":"(anonymous_5)","decl":{"start":{"line":105,"column":2},"end":{"line":105,"column":7}},"loc":{"start":{"line":105,"column":76},"end":{"line":118,"column":3}}}},"branchMap":{"0":{"loc":{"start":{"line":48,"column":71},"end":{"line":48,"column":262}},"type":"binary-expr","locations":[{"start":{"line":48,"column":71},"end":{"line":48,"column":83}},{"start":{"line":48,"column":87},"end":{"line":48,"column":262}}]},"1":{"loc":{"start":{"line":53,"column":13},"end":{"line":53,"column":96}},"type":"binary-expr","locations":[{"start":{"line":53,"column":13},"end":{"line":53,"column":61}},{"start":{"line":53,"column":65},"end":{"line":53,"column":96}}]},"2":{"loc":{"start":{"line":61,"column":4},"end":{"line":64,"column":5}},"type":"if","locations":[{"start":{"line":61,"column":4},"end":{"line":64,"column":5}},{"start":{},"end":{}}]},"3":{"loc":{"start":{"line":65,"column":4},"end":{"line":68,"column":5}},"type":"if","locations":[{"start":{"line":65,"column":4},"end":{"line":68,"column":5}},{"start":{},"end":{}}]},"4":{"loc":{"start":{"line":79,"column":11},"end":{"line":79,"column":66}},"type":"binary-expr","locations":[{"start":{"line":79,"column":11},"end":{"line":79,"column":39}},{"start":{"line":79,"column":43},"end":{"line":79,"column":66}}]},"5":{"loc":{"start":{"line":93,"column":6},"end":{"line":96,"column":7}},"type":"if","locations":[{"start":{"line":93,"column":6},"end":{"line":96,"column":7}},{"start":{},"end":{}}]},"6":{"loc":{"start":{"line":113,"column":13},"end":{"line":113,"column":90}},"type":"binary-expr","locations":[{"start":{"line":113,"column":13},"end":{"line":113,"column":61}},{"start":{"line":113,"column":65},"end":{"line":113,"column":90}}]}},"s":{"0":2,"1":2,"2":2,"3":2,"4":2,"5":2,"6":13,"7":13,"8":13,"9":0,"10":0,"11":0,"12":0,"13":0,"14":0,"15":0,"16":0,"17":0,"18":0,"19":0,"20":0,"21":0,"22":0,"23":0,"24":0,"25":0,"26":0,"27":0,"28":0,"29":0,"30":0,"31":0,"32":0,"33":0,"34":0,"35":0,"36":0,"37":0,"38":0,"39":0,"40":0,"41":0,"42":0,"43":0,"44":0,"45":2},"f":{"0":13,"1":0,"2":0,"3":0,"4":0,"5":0},"b":{"0":[0,0],"1":[0,0],"2":[0,0],"3":[0,0],"4":[0,0],"5":[0,0],"6":[0,0]}}
,"/home/maixnor/repo/languagebuddy/backend/src/config/index.ts": {"path":"/home/maixnor/repo/languagebuddy/backend/src/config/index.ts","statementMap":{"0":{"start":{"line":1,"column":0},"end":{"line":1,"column":24}},"1":{"start":{"line":2,"column":0},"end":{"line":2,"column":59}},"2":{"start":{"line":5,"column":21},"end":{"line":34,"column":1}},"3":{"start":{"line":6,"column":21},"end":{"line":10,"column":4}},"4":{"start":{"line":9,"column":17},"end":{"line":9,"column":34}},"5":{"start":{"line":13,"column":24},"end":{"line":13,"column":64}},"6":{"start":{"line":15,"column":2},"end":{"line":33,"column":3}},"7":{"start":{"line":16,"column":4},"end":{"line":26,"column":7}},"8":{"start":{"line":29,"column":4},"end":{"line":32,"column":7}},"9":{"start":{"line":36,"column":13},"end":{"line":36,"column":37}},"10":{"start":{"line":38,"column":26},"end":{"line":40,"column":1}},"11":{"start":{"line":39,"column":2},"end":{"line":39,"column":83}},"12":{"start":{"line":38,"column":13},"end":{"line":38,"column":26}},"13":{"start":{"line":42,"column":27},"end":{"line":44,"column":1}},"14":{"start":{"line":43,"column":2},"end":{"line":43,"column":89}},"15":{"start":{"line":42,"column":13},"end":{"line":42,"column":27}},"16":{"start":{"line":46,"column":25},"end":{"line":106,"column":2}},"17":{"start":{"line":46,"column":32},"end":{"line":106,"column":2}},"18":{"start":{"line":46,"column":13},"end":{"line":46,"column":25}},"19":{"start":{"line":109,"column":51},"end":{"line":109,"column":55}},"20":{"start":{"line":111,"column":13},"end":{"line":118,"column":3}},"21":{"start":{"line":113,"column":4},"end":{"line":115,"column":5}},"22":{"start":{"line":114,"column":6},"end":{"line":114,"column":28}},"23":{"start":{"line":116,"column":4},"end":{"line":116,"column":34}}},"fnMap":{"0":{"name":"(anonymous_1)","decl":{"start":{"line":5,"column":21},"end":{"line":5,"column":24}},"loc":{"start":{"line":5,"column":26},"end":{"line":34,"column":1}}},"1":{"name":"(anonymous_2)","decl":{"start":{"line":9,"column":11},"end":{"line":9,"column":14}},"loc":{"start":{"line":9,"column":17},"end":{"line":9,"column":34}}},"2":{"name":"(anonymous_3)","decl":{"start":{"line":38,"column":26},"end":{"line":38,"column":27}},"loc":{"start":{"line":38,"column":116},"end":{"line":40,"column":1}}},"3":{"name":"(anonymous_4)","decl":{"start":{"line":42,"column":27},"end":{"line":42,"column":28}},"loc":{"start":{"line":42,"column":93},"end":{"line":44,"column":1}}},"4":{"name":"(anonymous_5)","decl":{"start":{"line":46,"column":25},"end":{"line":46,"column":28}},"loc":{"start":{"line":46,"column":32},"end":{"line":106,"column":2}}},"5":{"name":"(anonymous_6)","decl":{"start":{"line":112,"column":2},"end":{"line":112,"column":5}},"loc":{"start":{"line":112,"column":18},"end":{"line":117,"column":3}}}},"branchMap":{"0":{"loc":{"start":{"line":7,"column":11},"end":{"line":7,"column":42}},"type":"binary-expr","locations":[{"start":{"line":7,"column":11},"end":{"line":7,"column":32}},{"start":{"line":7,"column":36},"end":{"line":7,"column":42}}]},"1":{"loc":{"start":{"line":15,"column":2},"end":{"line":33,"column":3}},"type":"if","locations":[{"start":{"line":15,"column":2},"end":{"line":33,"column":3}},{"start":{"line":27,"column":9},"end":{"line":33,"column":3}}]},"2":{"loc":{"start":{"line":67,"column":10},"end":{"line":67,"column":47}},"type":"binary-expr","locations":[{"start":{"line":67,"column":10},"end":{"line":67,"column":32}},{"start":{"line":67,"column":36},"end":{"line":67,"column":47}}]},"3":{"loc":{"start":{"line":68,"column":19},"end":{"line":68,"column":51}},"type":"binary-expr","locations":[{"start":{"line":68,"column":19},"end":{"line":68,"column":41}},{"start":{"line":68,"column":45},"end":{"line":68,"column":51}}]},"4":{"loc":{"start":{"line":104,"column":10},"end":{"line":104,"column":34}},"type":"binary-expr","locations":[{"start":{"line":104,"column":10},"end":{"line":104,"column":26}},{"start":{"line":104,"column":30},"end":{"line":104,"column":34}}]},"5":{"loc":{"start":{"line":113,"column":4},"end":{"line":115,"column":5}},"type":"if","locations":[{"start":{"line":113,"column":4},"end":{"line":115,"column":5}},{"start":{},"end":{}}]}},"s":{"0":12,"1":12,"2":12,"3":12,"4":376,"5":12,"6":12,"7":12,"8":0,"9":12,"10":12,"11":0,"12":12,"13":12,"14":0,"15":12,"16":12,"17":4,"18":12,"19":12,"20":12,"21":134,"22":4,"23":134},"f":{"0":12,"1":376,"2":0,"3":0,"4":4,"5":134},"b":{"0":[12,12],"1":[12,0],"2":[4,0],"3":[4,0],"4":[4,0],"5":[4,130]}}
,"/home/maixnor/repo/languagebuddy/backend/src/core/messaging/whatsapp/index.ts": {"path":"/home/maixnor/repo/languagebuddy/backend/src/core/messaging/whatsapp/index.ts","statementMap":{"0":{"start":{"line":1,"column":0},"end":{"line":1,"column":35}},"1":{"start":{"line":2,"column":0},"end":{"line":2,"column":49}},"2":{"start":{"line":3,"column":0},"end":{"line":3,"column":33}}},"fnMap":{},"branchMap":{},"s":{"0":3,"1":3,"2":3},"f":{},"b":{}}
,"/home/maixnor/repo/languagebuddy/backend/src/core/messaging/whatsapp/whatsapp-deduplication.service.ts": {"path":"/home/maixnor/repo/languagebuddy/backend/src/core/messaging/whatsapp/whatsapp-deduplication.service.ts","statementMap":{"0":{"start":{"line":2,"column":0},"end":{"line":2,"column":41}},"1":{"start":{"line":4,"column":31},"end":{"line":4,"column":38}},"2":{"start":{"line":5,"column":29},"end":{"line":5,"column":30}},"3":{"start":{"line":12,"column":4},"end":{"line":12,"column":23}},"4":{"start":{"line":16,"column":16},"end":{"line":16,"column":45}},"5":{"start":{"line":17,"column":19},"end":{"line":17,"column":47}},"6":{"start":{"line":18,"column":4},"end":{"line":21,"column":5}},"7":{"start":{"line":19,"column":6},"end":{"line":19,"column":64}},"8":{"start":{"line":20,"column":6},"end":{"line":20,"column":18}},"9":{"start":{"line":22,"column":4},"end":{"line":22,"column":65}},"10":{"start":{"line":23,"column":4},"end":{"line":23,"column":17}},"11":{"start":{"line":27,"column":16},"end":{"line":27,"column":44}},"12":{"start":{"line":28,"column":19},"end":{"line":28,"column":47}},"13":{"start":{"line":29,"column":4},"end":{"line":32,"column":5}},"14":{"start":{"line":30,"column":6},"end":{"line":30,"column":51}},"15":{"start":{"line":31,"column":6},"end":{"line":31,"column":18}},"16":{"start":{"line":33,"column":4},"end":{"line":33,"column":63}},"17":{"start":{"line":34,"column":4},"end":{"line":34,"column":17}},"18":{"start":{"line":38,"column":4},"end":{"line":43,"column":5}},"19":{"start":{"line":39,"column":6},"end":{"line":41,"column":7}},"20":{"start":{"line":40,"column":8},"end":{"line":40,"column":76}},"21":{"start":{"line":42,"column":6},"end":{"line":42,"column":86}},"22":{"start":{"line":44,"column":4},"end":{"line":44,"column":49}},"23":{"start":{"line":7,"column":0},"end":{"line":7,"column":13}}},"fnMap":{"0":{"name":"(anonymous_0)","decl":{"start":{"line":11,"column":2},"end":{"line":11,"column":14}},"loc":{"start":{"line":11,"column":26},"end":{"line":13,"column":3}}},"1":{"name":"(anonymous_1)","decl":{"start":{"line":15,"column":2},"end":{"line":15,"column":7}},"loc":{"start":{"line":15,"column":44},"end":{"line":24,"column":3}}},"2":{"name":"(anonymous_2)","decl":{"start":{"line":26,"column":2},"end":{"line":26,"column":7}},"loc":{"start":{"line":26,"column":33},"end":{"line":35,"column":3}}},"3":{"name":"(anonymous_3)","decl":{"start":{"line":37,"column":2},"end":{"line":37,"column":8}},"loc":{"start":{"line":37,"column":33},"end":{"line":46,"column":3}}}},"branchMap":{"0":{"loc":{"start":{"line":18,"column":4},"end":{"line":21,"column":5}},"type":"if","locations":[{"start":{"line":18,"column":4},"end":{"line":21,"column":5}},{"start":{},"end":{}}]},"1":{"loc":{"start":{"line":29,"column":4},"end":{"line":32,"column":5}},"type":"if","locations":[{"start":{"line":29,"column":4},"end":{"line":32,"column":5}},{"start":{},"end":{}}]},"2":{"loc":{"start":{"line":38,"column":4},"end":{"line":43,"column":5}},"type":"if","locations":[{"start":{"line":38,"column":4},"end":{"line":43,"column":5}},{"start":{},"end":{}}]},"3":{"loc":{"start":{"line":39,"column":6},"end":{"line":41,"column":7}},"type":"if","locations":[{"start":{"line":39,"column":6},"end":{"line":41,"column":7}},{"start":{},"end":{}}]}},"s":{"0":4,"1":4,"2":4,"3":4,"4":2,"5":2,"6":2,"7":1,"8":1,"9":1,"10":1,"11":2,"12":2,"13":2,"14":1,"15":1,"16":1,"17":1,"18":4,"19":4,"20":0,"21":4,"22":4,"23":4},"f":{"0":4,"1":2,"2":2,"3":4},"b":{"0":[1,1],"1":[1,1],"2":[4,0],"3":[0,4]}}
,"/home/maixnor/repo/languagebuddy/backend/src/core/messaging/whatsapp/whatsapp.service.ts": {"path":"/home/maixnor/repo/languagebuddy/backend/src/core/messaging/whatsapp/whatsapp.service.ts","statementMap":{"0":{"start":{"line":1,"column":0},"end":{"line":1,"column":41}},"1":{"start":{"line":2,"column":0},"end":{"line":2,"column":95}},"2":{"start":{"line":7,"column":33},"end":{"line":7,"column":37}},"3":{"start":{"line":8,"column":35},"end":{"line":8,"column":39}},"4":{"start":{"line":9,"column":39},"end":{"line":9,"column":43}},"5":{"start":{"line":13,"column":4},"end":{"line":13,"column":66}},"6":{"start":{"line":17,"column":4},"end":{"line":19,"column":5}},"7":{"start":{"line":18,"column":6},"end":{"line":18,"column":55}},"8":{"start":{"line":20,"column":4},"end":{"line":20,"column":36}},"9":{"start":{"line":24,"column":4},"end":{"line":29,"column":5}},"10":{"start":{"line":25,"column":6},"end":{"line":25,"column":123}},"11":{"start":{"line":26,"column":6},"end":{"line":26,"column":24}},"12":{"start":{"line":27,"column":6},"end":{"line":27,"column":26}},"13":{"start":{"line":28,"column":6},"end":{"line":28,"column":13}},"14":{"start":{"line":30,"column":4},"end":{"line":30,"column":23}},"15":{"start":{"line":31,"column":4},"end":{"line":31,"column":27}},"16":{"start":{"line":33,"column":4},"end":{"line":37,"column":5}},"17":{"start":{"line":34,"column":6},"end":{"line":34,"column":110}},"18":{"start":{"line":36,"column":6},"end":{"line":36,"column":66}},"19":{"start":{"line":41,"column":4},"end":{"line":44,"column":5}},"20":{"start":{"line":42,"column":6},"end":{"line":42,"column":77}},"21":{"start":{"line":43,"column":6},"end":{"line":43,"column":19}},"22":{"start":{"line":46,"column":4},"end":{"line":48,"column":5}},"23":{"start":{"line":47,"column":6},"end":{"line":47,"column":53}},"24":{"start":{"line":51,"column":44},"end":{"line":55,"column":6}},"25":{"start":{"line":57,"column":4},"end":{"line":59,"column":5}},"26":{"start":{"line":58,"column":6},"end":{"line":58,"column":59}},"27":{"start":{"line":61,"column":4},"end":{"line":92,"column":5}},"28":{"start":{"line":62,"column":23},"end":{"line":71,"column":null}},"29":{"start":{"line":74,"column":6},"end":{"line":86,"column":7}},"30":{"start":{"line":75,"column":29},"end":{"line":75,"column":50}},"31":{"start":{"line":76,"column":8},"end":{"line":84,"column":10}},"32":{"start":{"line":85,"column":8},"end":{"line":85,"column":21}},"33":{"start":{"line":88,"column":6},"end":{"line":88,"column":18}},"34":{"start":{"line":90,"column":6},"end":{"line":90,"column":89}},"35":{"start":{"line":91,"column":6},"end":{"line":91,"column":19}},"36":{"start":{"line":96,"column":4},"end":{"line":122,"column":5}},"37":{"start":{"line":97,"column":6},"end":{"line":97,"column":69}},"38":{"start":{"line":99,"column":23},"end":{"line":110,"column":8}},"39":{"start":{"line":112,"column":6},"end":{"line":115,"column":7}},"40":{"start":{"line":113,"column":8},"end":{"line":113,"column":92}},"41":{"start":{"line":114,"column":8},"end":{"line":114,"column":21}},"42":{"start":{"line":117,"column":6},"end":{"line":117,"column":59}},"43":{"start":{"line":118,"column":6},"end":{"line":118,"column":18}},"44":{"start":{"line":120,"column":6},"end":{"line":120,"column":72}},"45":{"start":{"line":121,"column":6},"end":{"line":121,"column":19}},"46":{"start":{"line":126,"column":4},"end":{"line":129,"column":5}},"47":{"start":{"line":127,"column":6},"end":{"line":127,"column":85}},"48":{"start":{"line":128,"column":6},"end":{"line":128,"column":19}},"49":{"start":{"line":132,"column":4},"end":{"line":134,"column":5}},"50":{"start":{"line":133,"column":6},"end":{"line":133,"column":18}},"51":{"start":{"line":136,"column":4},"end":{"line":170,"column":5}},"52":{"start":{"line":137,"column":23},"end":{"line":150,"column":null}},"53":{"start":{"line":153,"column":6},"end":{"line":165,"column":7}},"54":{"start":{"line":154,"column":29},"end":{"line":154,"column":50}},"55":{"start":{"line":155,"column":8},"end":{"line":163,"column":10}},"56":{"start":{"line":164,"column":8},"end":{"line":164,"column":21}},"57":{"start":{"line":166,"column":6},"end":{"line":166,"column":18}},"58":{"start":{"line":168,"column":6},"end":{"line":168,"column":83}},"59":{"start":{"line":169,"column":6},"end":{"line":169,"column":19}},"60":{"start":{"line":188,"column":25},"end":{"line":188,"column":49}},"61":{"start":{"line":189,"column":21},"end":{"line":189,"column":69}},"62":{"start":{"line":191,"column":4},"end":{"line":194,"column":5}},"63":{"start":{"line":192,"column":6},"end":{"line":192,"column":63}},"64":{"start":{"line":193,"column":6},"end":{"line":193,"column":55}},"65":{"start":{"line":197,"column":31},"end":{"line":197,"column":33}},"66":{"start":{"line":198,"column":21},"end":{"line":198,"column":22}},"67":{"start":{"line":199,"column":17},"end":{"line":199,"column":18}},"68":{"start":{"line":201,"column":4},"end":{"line":226,"column":5}},"69":{"start":{"line":201,"column":17},"end":{"line":201,"column":18}},"70":{"start":{"line":202,"column":6},"end":{"line":225,"column":7}},"71":{"start":{"line":204,"column":23},"end":{"line":207,"column":null}},"72":{"start":{"line":209,"column":8},"end":{"line":209,"column":29}},"73":{"start":{"line":211,"column":8},"end":{"line":215,"column":9}},"74":{"start":{"line":212,"column":10},"end":{"line":212,"column":23}},"75":{"start":{"line":214,"column":10},"end":{"line":214,"column":19}},"76":{"start":{"line":218,"column":8},"end":{"line":220,"column":9}},"77":{"start":{"line":219,"column":10},"end":{"line":219,"column":66}},"78":{"start":{"line":219,"column":39},"end":{"line":219,"column":64}},"79":{"start":{"line":222,"column":8},"end":{"line":222,"column":79}},"80":{"start":{"line":223,"column":8},"end":{"line":223,"column":28}},"81":{"start":{"line":224,"column":8},"end":{"line":224,"column":17}},"82":{"start":{"line":228,"column":4},"end":{"line":228,"column":94}},"83":{"start":{"line":229,"column":4},"end":{"line":229,"column":43}},"84":{"start":{"line":237,"column":31},"end":{"line":237,"column":33}},"85":{"start":{"line":238,"column":21},"end":{"line":238,"column":22}},"86":{"start":{"line":239,"column":17},"end":{"line":239,"column":18}},"87":{"start":{"line":241,"column":4},"end":{"line":264,"column":5}},"88":{"start":{"line":242,"column":6},"end":{"line":263,"column":7}},"89":{"start":{"line":245,"column":23},"end":{"line":249,"column":null}},"90":{"start":{"line":253,"column":8},"end":{"line":253,"column":40}},"91":{"start":{"line":254,"column":8},"end":{"line":254,"column":40}},"92":{"start":{"line":255,"column":8},"end":{"line":255,"column":32}},"93":{"start":{"line":258,"column":8},"end":{"line":258,"column":64}},"94":{"start":{"line":258,"column":37},"end":{"line":258,"column":62}},"95":{"start":{"line":260,"column":8},"end":{"line":260,"column":79}},"96":{"start":{"line":261,"column":8},"end":{"line":261,"column":28}},"97":{"start":{"line":262,"column":8},"end":{"line":262,"column":17}},"98":{"start":{"line":266,"column":4},"end":{"line":266,"column":99}},"99":{"start":{"line":267,"column":4},"end":{"line":267,"column":43}},"100":{"start":{"line":271,"column":4},"end":{"line":271,"column":42}},"101":{"start":{"line":275,"column":4},"end":{"line":279,"column":6}},"102":{"start":{"line":5,"column":0},"end":{"line":5,"column":13}}},"fnMap":{"0":{"name":"(anonymous_0)","decl":{"start":{"line":11,"column":2},"end":{"line":11,"column":null}},"loc":{"start":{"line":11,"column":2},"end":{"line":14,"column":3}}},"1":{"name":"(anonymous_1)","decl":{"start":{"line":16,"column":2},"end":{"line":16,"column":8}},"loc":{"start":{"line":16,"column":20},"end":{"line":21,"column":3}}},"2":{"name":"(anonymous_2)","decl":{"start":{"line":23,"column":2},"end":{"line":23,"column":12}},"loc":{"start":{"line":23,"column":43},"end":{"line":38,"column":3}}},"3":{"name":"(anonymous_3)","decl":{"start":{"line":40,"column":2},"end":{"line":40,"column":7}},"loc":{"start":{"line":40,"column":81},"end":{"line":93,"column":3}}},"4":{"name":"(anonymous_4)","decl":{"start":{"line":95,"column":10},"end":{"line":95,"column":15}},"loc":{"start":{"line":95,"column":65},"end":{"line":123,"column":3}}},"5":{"name":"(anonymous_5)","decl":{"start":{"line":125,"column":2},"end":{"line":125,"column":7}},"loc":{"start":{"line":125,"column":43},"end":{"line":171,"column":3}}},"6":{"name":"(anonymous_6)","decl":{"start":{"line":181,"column":2},"end":{"line":181,"column":7}},"loc":{"start":{"line":185,"column":31},"end":{"line":230,"column":3}}},"7":{"name":"(anonymous_7)","decl":{"start":{"line":219,"column":28},"end":{"line":219,"column":35}},"loc":{"start":{"line":219,"column":39},"end":{"line":219,"column":64}}},"8":{"name":"(anonymous_8)","decl":{"start":{"line":232,"column":2},"end":{"line":232,"column":7}},"loc":{"start":{"line":236,"column":4},"end":{"line":268,"column":3}}},"9":{"name":"(anonymous_9)","decl":{"start":{"line":258,"column":26},"end":{"line":258,"column":33}},"loc":{"start":{"line":258,"column":37},"end":{"line":258,"column":62}}},"10":{"name":"(anonymous_10)","decl":{"start":{"line":270,"column":2},"end":{"line":270,"column":15}},"loc":{"start":{"line":270,"column":15},"end":{"line":272,"column":3}}},"11":{"name":"(anonymous_11)","decl":{"start":{"line":274,"column":2},"end":{"line":274,"column":11}},"loc":{"start":{"line":274,"column":11},"end":{"line":280,"column":3}}}},"branchMap":{"0":{"loc":{"start":{"line":13,"column":23},"end":{"line":13,"column":65}},"type":"binary-expr","locations":[{"start":{"line":13,"column":23},"end":{"line":13,"column":57}},{"start":{"line":13,"column":61},"end":{"line":13,"column":65}}]},"1":{"loc":{"start":{"line":17,"column":4},"end":{"line":19,"column":5}},"type":"if","locations":[{"start":{"line":17,"column":4},"end":{"line":19,"column":5}},{"start":{},"end":{}}]},"2":{"loc":{"start":{"line":24,"column":4},"end":{"line":29,"column":5}},"type":"if","locations":[{"start":{"line":24,"column":4},"end":{"line":29,"column":5}},{"start":{},"end":{}}]},"3":{"loc":{"start":{"line":24,"column":8},"end":{"line":24,"column":26}},"type":"binary-expr","locations":[{"start":{"line":24,"column":8},"end":{"line":24,"column":14}},{"start":{"line":24,"column":18},"end":{"line":24,"column":26}}]},"4":{"loc":{"start":{"line":33,"column":4},"end":{"line":37,"column":5}},"type":"if","locations":[{"start":{"line":33,"column":4},"end":{"line":37,"column":5}},{"start":{"line":35,"column":11},"end":{"line":37,"column":5}}]},"5":{"loc":{"start":{"line":41,"column":4},"end":{"line":44,"column":5}},"type":"if","locations":[{"start":{"line":41,"column":4},"end":{"line":44,"column":5}},{"start":{},"end":{}}]},"6":{"loc":{"start":{"line":41,"column":8},"end":{"line":41,"column":36}},"type":"binary-expr","locations":[{"start":{"line":41,"column":8},"end":{"line":41,"column":19}},{"start":{"line":41,"column":23},"end":{"line":41,"column":36}}]},"7":{"loc":{"start":{"line":46,"column":4},"end":{"line":48,"column":5}},"type":"if","locations":[{"start":{"line":46,"column":4},"end":{"line":48,"column":5}},{"start":{},"end":{}}]},"8":{"loc":{"start":{"line":57,"column":4},"end":{"line":59,"column":5}},"type":"if","locations":[{"start":{"line":57,"column":4},"end":{"line":59,"column":5}},{"start":{},"end":{}}]},"9":{"loc":{"start":{"line":74,"column":6},"end":{"line":86,"column":7}},"type":"if","locations":[{"start":{"line":74,"column":6},"end":{"line":86,"column":7}},{"start":{},"end":{}}]},"10":{"loc":{"start":{"line":112,"column":6},"end":{"line":115,"column":7}},"type":"if","locations":[{"start":{"line":112,"column":6},"end":{"line":115,"column":7}},{"start":{},"end":{}}]},"11":{"loc":{"start":{"line":126,"column":4},"end":{"line":129,"column":5}},"type":"if","locations":[{"start":{"line":126,"column":4},"end":{"line":129,"column":5}},{"start":{},"end":{}}]},"12":{"loc":{"start":{"line":126,"column":8},"end":{"line":126,"column":36}},"type":"binary-expr","locations":[{"start":{"line":126,"column":8},"end":{"line":126,"column":19}},{"start":{"line":126,"column":23},"end":{"line":126,"column":36}}]},"13":{"loc":{"start":{"line":132,"column":4},"end":{"line":134,"column":5}},"type":"if","locations":[{"start":{"line":132,"column":4},"end":{"line":134,"column":5}},{"start":{},"end":{}}]},"14":{"loc":{"start":{"line":153,"column":6},"end":{"line":165,"column":7}},"type":"if","locations":[{"start":{"line":153,"column":6},"end":{"line":165,"column":7}},{"start":{},"end":{}}]},"15":{"loc":{"start":{"line":184,"column":4},"end":{"line":184,"column":29}},"type":"default-arg","locations":[{"start":{"line":184,"column":24},"end":{"line":184,"column":29}}]},"16":{"loc":{"start":{"line":191,"column":4},"end":{"line":194,"column":5}},"type":"if","locations":[{"start":{"line":191,"column":4},"end":{"line":194,"column":5}},{"start":{},"end":{}}]},"17":{"loc":{"start":{"line":207,"column":10},"end":{"line":207,"column":50}},"type":"cond-expr","locations":[{"start":{"line":207,"column":20},"end":{"line":207,"column":38}},{"start":{"line":207,"column":41},"end":{"line":207,"column":50}}]},"18":{"loc":{"start":{"line":211,"column":8},"end":{"line":215,"column":9}},"type":"if","locations":[{"start":{"line":211,"column":8},"end":{"line":215,"column":9}},{"start":{"line":213,"column":15},"end":{"line":215,"column":9}}]},"19":{"loc":{"start":{"line":218,"column":8},"end":{"line":220,"column":9}},"type":"if","locations":[{"start":{"line":218,"column":8},"end":{"line":220,"column":9}},{"start":{},"end":{}}]},"20":{"loc":{"start":{"line":271,"column":14},"end":{"line":271,"column":40}},"type":"binary-expr","locations":[{"start":{"line":271,"column":14},"end":{"line":271,"column":24}},{"start":{"line":271,"column":28},"end":{"line":271,"column":40}}]}},"s":{"0":4,"1":4,"2":11,"3":11,"4":11,"5":11,"6":19,"7":11,"8":19,"9":9,"10":1,"11":1,"12":1,"13":1,"14":8,"15":8,"16":8,"17":1,"18":7,"19":9,"20":1,"21":1,"22":8,"23":1,"24":7,"25":7,"26":0,"27":7,"28":7,"29":6,"30":2,"31":2,"32":2,"33":4,"34":1,"35":1,"36":1,"37":1,"38":1,"39":1,"40":0,"41":0,"42":1,"43":1,"44":0,"45":0,"46":0,"47":0,"48":0,"49":0,"50":0,"51":0,"52":0,"53":0,"54":0,"55":0,"56":0,"57":0,"58":0,"59":0,"60":2,"61":2,"62":2,"63":0,"64":0,"65":2,"66":2,"67":2,"68":2,"69":2,"70":4,"71":4,"72":4,"73":4,"74":3,"75":1,"76":4,"77":2,"78":2,"79":0,"80":0,"81":0,"82":2,"83":2,"84":0,"85":0,"86":0,"87":0,"88":0,"89":0,"90":0,"91":0,"92":0,"93":0,"94":0,"95":0,"96":0,"97":0,"98":0,"99":0,"100":2,"101":2,"102":4},"f":{"0":11,"1":19,"2":9,"3":9,"4":1,"5":0,"6":2,"7":2,"8":0,"9":0,"10":2,"11":2},"b":{"0":[11,11],"1":[11,8],"2":[1,8],"3":[9,8],"4":[1,7],"5":[1,8],"6":[9,8],"7":[1,7],"8":[0,7],"9":[2,4],"10":[0,1],"11":[0,0],"12":[0,0],"13":[0,0],"14":[0,0],"15":[2],"16":[0,2],"17":[2,2],"18":[3,1],"19":[2,2],"20":[2,1]}}
,"/home/maixnor/repo/languagebuddy/backend/src/features/digest/digest.contracts.ts": {"path":"/home/maixnor/repo/languagebuddy/backend/src/features/digest/digest.contracts.ts","statementMap":{"0":{"start":{"line":1,"column":0},"end":{"line":1,"column":24}},"1":{"start":{"line":3,"column":13},"end":{"line":26,"column":3}}},"fnMap":{},"branchMap":{},"s":{"0":6,"1":6},"f":{},"b":{}}
,"/home/maixnor/repo/languagebuddy/backend/src/features/digest/digest.service.ts": {"path":"/home/maixnor/repo/languagebuddy/backend/src/features/digest/digest.service.ts","statementMap":{"0":{"start":{"line":2,"column":0},"end":{"line":2,"column":71}},"1":{"start":{"line":5,"column":0},"end":{"line":5,"column":38}},"2":{"start":{"line":8,"column":0},"end":{"line":8,"column":58}},"3":{"start":{"line":17,"column":4},"end":{"line":17,"column":19}},"4":{"start":{"line":18,"column":4},"end":{"line":18,"column":37}},"5":{"start":{"line":19,"column":4},"end":{"line":19,"column":47}},"6":{"start":{"line":23,"column":4},"end":{"line":28,"column":5}},"7":{"start":{"line":24,"column":6},"end":{"line":26,"column":7}},"8":{"start":{"line":25,"column":8},"end":{"line":25,"column":106}},"9":{"start":{"line":27,"column":6},"end":{"line":27,"column":87}},"10":{"start":{"line":29,"column":4},"end":{"line":29,"column":34}},"11":{"start":{"line":36,"column":22},"end":{"line":36,"column":32}},"12":{"start":{"line":37,"column":24},"end":{"line":37,"column":78}},"13":{"start":{"line":39,"column":4},"end":{"line":100,"column":5}},"14":{"start":{"line":40,"column":6},"end":{"line":47,"column":41}},"15":{"start":{"line":44,"column":74},"end":{"line":44,"column":88}},"16":{"start":{"line":50,"column":34},"end":{"line":50,"column":97}},"17":{"start":{"line":52,"column":6},"end":{"line":61,"column":7}},"18":{"start":{"line":53,"column":8},"end":{"line":59,"column":55}},"19":{"start":{"line":60,"column":8},"end":{"line":60,"column":25}},"20":{"start":{"line":64,"column":21},"end":{"line":64,"column":91}},"21":{"start":{"line":65,"column":6},"end":{"line":74,"column":7}},"22":{"start":{"line":66,"column":8},"end":{"line":72,"column":46}},"23":{"start":{"line":73,"column":8},"end":{"line":73,"column":25}},"24":{"start":{"line":76,"column":6},"end":{"line":87,"column":53}},"25":{"start":{"line":88,"column":6},"end":{"line":88,"column":20}},"26":{"start":{"line":90,"column":6},"end":{"line":98,"column":47}},"27":{"start":{"line":99,"column":6},"end":{"line":99,"column":18}},"28":{"start":{"line":107,"column":22},"end":{"line":107,"column":32}},"29":{"start":{"line":109,"column":4},"end":{"line":246,"column":5}},"30":{"start":{"line":110,"column":25},"end":{"line":110,"column":75}},"31":{"start":{"line":112,"column":6},"end":{"line":122,"column":7}},"32":{"start":{"line":113,"column":8},"end":{"line":120,"column":52}},"33":{"start":{"line":121,"column":8},"end":{"line":121,"column":18}},"34":{"start":{"line":125,"column":23},"end":{"line":125,"column":74}},"35":{"start":{"line":128,"column":6},"end":{"line":136,"column":7}},"36":{"start":{"line":129,"column":8},"end":{"line":134,"column":39}},"37":{"start":{"line":135,"column":8},"end":{"line":135,"column":18}},"38":{"start":{"line":138,"column":6},"end":{"line":144,"column":44}},"39":{"start":{"line":147,"column":31},"end":{"line":147,"column":73}},"40":{"start":{"line":148,"column":39},"end":{"line":148,"column":41}},"41":{"start":{"line":150,"column":32},"end":{"line":200,"column":8}},"42":{"start":{"line":152,"column":26},"end":{"line":152,"column":35}},"43":{"start":{"line":153,"column":8},"end":{"line":162,"column":9}},"44":{"start":{"line":154,"column":31},"end":{"line":154,"column":54}},"45":{"start":{"line":155,"column":10},"end":{"line":161,"column":11}},"46":{"start":{"line":156,"column":12},"end":{"line":156,"column":34}},"47":{"start":{"line":157,"column":17},"end":{"line":161,"column":11}},"48":{"start":{"line":158,"column":12},"end":{"line":158,"column":31}},"49":{"start":{"line":159,"column":17},"end":{"line":161,"column":11}},"50":{"start":{"line":160,"column":12},"end":{"line":160,"column":35}},"51":{"start":{"line":165,"column":22},"end":{"line":165,"column":24}},"52":{"start":{"line":166,"column":8},"end":{"line":177,"column":9}},"53":{"start":{"line":167,"column":10},"end":{"line":167,"column":32}},"54":{"start":{"line":168,"column":15},"end":{"line":177,"column":9}},"55":{"start":{"line":169,"column":10},"end":{"line":176,"column":11}},"56":{"start":{"line":170,"column":12},"end":{"line":170,"column":41}},"57":{"start":{"line":171,"column":17},"end":{"line":176,"column":11}},"58":{"start":{"line":173,"column":12},"end":{"line":175,"column":24}},"59":{"start":{"line":174,"column":14},"end":{"line":174,"column":85}},"60":{"start":{"line":179,"column":29},"end":{"line":183,"column":10}},"61":{"start":{"line":186,"column":8},"end":{"line":186,"column":147}},"62":{"start":{"line":187,"column":8},"end":{"line":187,"column":57}},"63":{"start":{"line":189,"column":8},"end":{"line":197,"column":32}},"64":{"start":{"line":199,"column":8},"end":{"line":199,"column":28}},"65":{"start":{"line":202,"column":31},"end":{"line":204,"column":11}},"66":{"start":{"line":203,"column":53},"end":{"line":203,"column":58}},"67":{"start":{"line":207,"column":28},"end":{"line":207,"column":105}},"68":{"start":{"line":207,"column":60},"end":{"line":207,"column":104}},"69":{"start":{"line":209,"column":6},"end":{"line":223,"column":43}},"70":{"start":{"line":225,"column":6},"end":{"line":232,"column":7}},"71":{"start":{"line":226,"column":8},"end":{"line":231,"column":53}},"72":{"start":{"line":234,"column":6},"end":{"line":234,"column":27}},"73":{"start":{"line":236,"column":6},"end":{"line":244,"column":50}},"74":{"start":{"line":245,"column":6},"end":{"line":245,"column":16}},"75":{"start":{"line":253,"column":22},"end":{"line":253,"column":32}},"76":{"start":{"line":254,"column":29},"end":{"line":254,"column":84}},"77":{"start":{"line":256,"column":4},"end":{"line":266,"column":55}},"78":{"start":{"line":261,"column":57},"end":{"line":261,"column":75}},"79":{"start":{"line":262,"column":54},"end":{"line":262,"column":69}},"80":{"start":{"line":268,"column":25},"end":{"line":268,"column":66}},"81":{"start":{"line":269,"column":27},"end":{"line":285,"column":2}},"82":{"start":{"line":288,"column":4},"end":{"line":296,"column":41}},"83":{"start":{"line":298,"column":4},"end":{"line":479,"column":5}},"84":{"start":{"line":301,"column":29},"end":{"line":301,"column":88}},"85":{"start":{"line":303,"column":27},"end":{"line":303,"column":37}},"86":{"start":{"line":305,"column":6},"end":{"line":311,"column":48}},"87":{"start":{"line":313,"column":27},"end":{"line":316,"column":8}},"88":{"start":{"line":318,"column":26},"end":{"line":318,"column":51}},"89":{"start":{"line":321,"column":6},"end":{"line":334,"column":60}},"90":{"start":{"line":337,"column":6},"end":{"line":348,"column":7}},"91":{"start":{"line":338,"column":8},"end":{"line":346,"column":62}},"92":{"start":{"line":347,"column":8},"end":{"line":347,"column":25}},"93":{"start":{"line":351,"column":27},"end":{"line":351,"column":52}},"94":{"start":{"line":352,"column":29},"end":{"line":352,"column":56}},"95":{"start":{"line":354,"column":6},"end":{"line":364,"column":7}},"96":{"start":{"line":355,"column":8},"end":{"line":362,"column":58}},"97":{"start":{"line":363,"column":8},"end":{"line":363,"column":25}},"98":{"start":{"line":367,"column":28},"end":{"line":370,"column":79}},"99":{"start":{"line":372,"column":25},"end":{"line":374,"column":82}},"100":{"start":{"line":376,"column":25},"end":{"line":377,"column":71}},"101":{"start":{"line":379,"column":26},"end":{"line":381,"column":66}},"102":{"start":{"line":383,"column":35},"end":{"line":383,"column":121}},"103":{"start":{"line":385,"column":6},"end":{"line":399,"column":7}},"104":{"start":{"line":386,"column":8},"end":{"line":397,"column":103}},"105":{"start":{"line":398,"column":8},"end":{"line":398,"column":25}},"106":{"start":{"line":401,"column":6},"end":{"line":412,"column":53}},"107":{"start":{"line":414,"column":21},"end":{"line":437,"column":8}},"108":{"start":{"line":439,"column":6},"end":{"line":456,"column":64}},"109":{"start":{"line":458,"column":6},"end":{"line":458,"column":20}},"110":{"start":{"line":461,"column":6},"end":{"line":475,"column":68}},"111":{"start":{"line":468,"column":61},"end":{"line":468,"column":81}},"112":{"start":{"line":469,"column":58},"end":{"line":469,"column":75}},"113":{"start":{"line":478,"column":6},"end":{"line":478,"column":18}},"114":{"start":{"line":486,"column":30},"end":{"line":486,"column":116}},"115":{"start":{"line":486,"column":77},"end":{"line":486,"column":91}},"116":{"start":{"line":487,"column":28},"end":{"line":487,"column":114}},"117":{"start":{"line":487,"column":75},"end":{"line":487,"column":89}},"118":{"start":{"line":489,"column":4},"end":{"line":506,"column":69}},"119":{"start":{"line":513,"column":4},"end":{"line":518,"column":20}},"120":{"start":{"line":515,"column":21},"end":{"line":515,"column":64}},"121":{"start":{"line":516,"column":8},"end":{"line":516,"column":41}},"122":{"start":{"line":525,"column":22},"end":{"line":525,"column":32}},"123":{"start":{"line":527,"column":4},"end":{"line":693,"column":5}},"124":{"start":{"line":529,"column":6},"end":{"line":541,"column":7}},"125":{"start":{"line":531,"column":8},"end":{"line":539,"column":67}},"126":{"start":{"line":540,"column":8},"end":{"line":540,"column":63}},"127":{"start":{"line":544,"column":32},"end":{"line":544,"column":104}},"128":{"start":{"line":545,"column":6},"end":{"line":551,"column":7}},"129":{"start":{"line":546,"column":8},"end":{"line":549,"column":54}},"130":{"start":{"line":550,"column":8},"end":{"line":550,"column":67}},"131":{"start":{"line":553,"column":34},"end":{"line":553,"column":81}},"132":{"start":{"line":556,"column":32},"end":{"line":562,"column":8}},"133":{"start":{"line":565,"column":30},"end":{"line":565,"column":31}},"134":{"start":{"line":566,"column":32},"end":{"line":566,"column":33}},"135":{"start":{"line":567,"column":28},"end":{"line":567,"column":29}},"136":{"start":{"line":569,"column":6},"end":{"line":666,"column":7}},"137":{"start":{"line":570,"column":33},"end":{"line":570,"column":79}},"138":{"start":{"line":574,"column":32},"end":{"line":578,"column":10}},"139":{"start":{"line":581,"column":8},"end":{"line":626,"column":9}},"140":{"start":{"line":582,"column":10},"end":{"line":625,"column":13}},"141":{"start":{"line":584,"column":33},"end":{"line":614,"column":14}},"142":{"start":{"line":585,"column":33},"end":{"line":585,"column":52}},"143":{"start":{"line":586,"column":38},"end":{"line":586,"column":75}},"144":{"start":{"line":589,"column":14},"end":{"line":591,"column":15}},"145":{"start":{"line":590,"column":16},"end":{"line":590,"column":28}},"146":{"start":{"line":594,"column":33},"end":{"line":594,"column":83}},"147":{"start":{"line":594,"column":69},"end":{"line":594,"column":82}},"148":{"start":{"line":595,"column":38},"end":{"line":595,"column":93}},"149":{"start":{"line":595,"column":79},"end":{"line":595,"column":92}},"150":{"start":{"line":598,"column":31},"end":{"line":598,"column":32}},"151":{"start":{"line":599,"column":33},"end":{"line":599,"column":38}},"152":{"start":{"line":601,"column":14},"end":{"line":610,"column":15}},"153":{"start":{"line":602,"column":16},"end":{"line":609,"column":17}},"154":{"start":{"line":603,"column":18},"end":{"line":608,"column":19}},"155":{"start":{"line":604,"column":20},"end":{"line":604,"column":33}},"156":{"start":{"line":605,"column":20},"end":{"line":607,"column":21}},"157":{"start":{"line":606,"column":22},"end":{"line":606,"column":42}},"158":{"start":{"line":613,"column":14},"end":{"line":613,"column":53}},"159":{"start":{"line":616,"column":12},"end":{"line":623,"column":13}},"160":{"start":{"line":617,"column":14},"end":{"line":617,"column":36}},"161":{"start":{"line":618,"column":14},"end":{"line":622,"column":16}},"162":{"start":{"line":624,"column":12},"end":{"line":624,"column":30}},"163":{"start":{"line":629,"column":32},"end":{"line":646,"column":13}},"164":{"start":{"line":632,"column":12},"end":{"line":634,"column":14}},"165":{"start":{"line":633,"column":14},"end":{"line":633,"column":67}},"166":{"start":{"line":636,"column":24},"end":{"line":646,"column":12}},"167":{"start":{"line":647,"column":8},"end":{"line":647,"column":51}},"168":{"start":{"line":650,"column":43},"end":{"line":650,"column":96}},"169":{"start":{"line":650,"column":78},"end":{"line":650,"column":95}},"170":{"start":{"line":651,"column":34},"end":{"line":654,"column":22}},"171":{"start":{"line":655,"column":8},"end":{"line":655,"column":60}},"172":{"start":{"line":657,"column":40},"end":{"line":663,"column":10}},"173":{"start":{"line":665,"column":8},"end":{"line":665,"column":81}},"174":{"start":{"line":669,"column":6},"end":{"line":669,"column":101}},"175":{"start":{"line":671,"column":6},"end":{"line":681,"column":52}},"176":{"start":{"line":684,"column":6},"end":{"line":691,"column":46}},"177":{"start":{"line":692,"column":6},"end":{"line":692,"column":18}},"178":{"start":{"line":700,"column":22},"end":{"line":700,"column":32}},"179":{"start":{"line":702,"column":4},"end":{"line":743,"column":5}},"180":{"start":{"line":703,"column":25},"end":{"line":703,"column":80}},"181":{"start":{"line":704,"column":6},"end":{"line":713,"column":7}},"182":{"start":{"line":705,"column":8},"end":{"line":711,"column":46}},"183":{"start":{"line":712,"column":8},"end":{"line":712,"column":18}},"184":{"start":{"line":715,"column":22},"end":{"line":717,"column":24}},"185":{"start":{"line":716,"column":24},"end":{"line":716,"column":89}},"186":{"start":{"line":719,"column":6},"end":{"line":728,"column":37}},"187":{"start":{"line":730,"column":6},"end":{"line":730,"column":21}},"188":{"start":{"line":733,"column":6},"end":{"line":741,"column":41}},"189":{"start":{"line":742,"column":6},"end":{"line":742,"column":16}},"190":{"start":{"line":750,"column":22},"end":{"line":750,"column":32}},"191":{"start":{"line":752,"column":4},"end":{"line":795,"column":5}},"192":{"start":{"line":753,"column":22},"end":{"line":753,"column":69}},"193":{"start":{"line":754,"column":33},"end":{"line":754,"column":35}},"194":{"start":{"line":755,"column":29},"end":{"line":755,"column":30}},"195":{"start":{"line":757,"column":6},"end":{"line":765,"column":9}},"196":{"start":{"line":758,"column":8},"end":{"line":764,"column":9}},"197":{"start":{"line":759,"column":29},"end":{"line":759,"column":60}},"198":{"start":{"line":760,"column":10},"end":{"line":762,"column":11}},"199":{"start":{"line":761,"column":12},"end":{"line":761,"column":31}},"200":{"start":{"line":763,"column":10},"end":{"line":763,"column":54}},"201":{"start":{"line":768,"column":26},"end":{"line":768,"column":48}},"202":{"start":{"line":770,"column":6},"end":{"line":780,"column":46}},"203":{"start":{"line":782,"column":6},"end":{"line":782,"column":25}},"204":{"start":{"line":785,"column":6},"end":{"line":793,"column":50}},"205":{"start":{"line":794,"column":6},"end":{"line":794,"column":16}},"206":{"start":{"line":805,"column":22},"end":{"line":805,"column":32}},"207":{"start":{"line":807,"column":4},"end":{"line":872,"column":5}},"208":{"start":{"line":808,"column":25},"end":{"line":808,"column":80}},"209":{"start":{"line":809,"column":6},"end":{"line":816,"column":7}},"210":{"start":{"line":810,"column":8},"end":{"line":814,"column":53}},"211":{"start":{"line":815,"column":8},"end":{"line":815,"column":17}},"212":{"start":{"line":818,"column":22},"end":{"line":818,"column":56}},"213":{"start":{"line":819,"column":25},"end":{"line":819,"column":35}},"214":{"start":{"line":820,"column":6},"end":{"line":820,"column":60}},"215":{"start":{"line":822,"column":27},"end":{"line":822,"column":41}},"216":{"start":{"line":823,"column":28},"end":{"line":826,"column":8}},"217":{"start":{"line":824,"column":27},"end":{"line":824,"column":53}},"218":{"start":{"line":825,"column":8},"end":{"line":825,"column":40}},"219":{"start":{"line":828,"column":27},"end":{"line":828,"column":62}},"220":{"start":{"line":830,"column":6},"end":{"line":857,"column":7}},"221":{"start":{"line":831,"column":8},"end":{"line":836,"column":11}},"222":{"start":{"line":838,"column":8},"end":{"line":847,"column":52}},"223":{"start":{"line":849,"column":8},"end":{"line":856,"column":39}},"224":{"start":{"line":859,"column":6},"end":{"line":859,"column":26}},"225":{"start":{"line":862,"column":6},"end":{"line":870,"column":39}},"226":{"start":{"line":871,"column":6},"end":{"line":871,"column":15}},"227":{"start":{"line":10,"column":0},"end":{"line":10,"column":13}}},"fnMap":{"0":{"name":"(anonymous_0)","decl":{"start":{"line":16,"column":2},"end":{"line":16,"column":22}},"loc":{"start":{"line":16,"column":111},"end":{"line":20,"column":3}}},"1":{"name":"(anonymous_1)","decl":{"start":{"line":22,"column":2},"end":{"line":22,"column":8}},"loc":{"start":{"line":22,"column":113},"end":{"line":30,"column":3}}},"2":{"name":"(anonymous_2)","decl":{"start":{"line":35,"column":2},"end":{"line":35,"column":7}},"loc":{"start":{"line":35,"column":55},"end":{"line":101,"column":3}}},"3":{"name":"(anonymous_3)","decl":{"start":{"line":44,"column":69},"end":{"line":44,"column":70}},"loc":{"start":{"line":44,"column":74},"end":{"line":44,"column":88}}},"4":{"name":"(anonymous_4)","decl":{"start":{"line":106,"column":10},"end":{"line":106,"column":15}},"loc":{"start":{"line":106,"column":58},"end":{"line":247,"column":3}}},"5":{"name":"(anonymous_5)","decl":{"start":{"line":150,"column":45},"end":{"line":150,"column":46}},"loc":{"start":{"line":150,"column":73},"end":{"line":200,"column":7}}},"6":{"name":"(anonymous_6)","decl":{"start":{"line":173,"column":45},"end":{"line":173,"column":46}},"loc":{"start":{"line":174,"column":14},"end":{"line":174,"column":85}}},"7":{"name":"(anonymous_7)","decl":{"start":{"line":203,"column":43},"end":{"line":203,"column":44}},"loc":{"start":{"line":203,"column":53},"end":{"line":203,"column":58}}},"8":{"name":"(anonymous_8)","decl":{"start":{"line":207,"column":53},"end":{"line":207,"column":56}},"loc":{"start":{"line":207,"column":60},"end":{"line":207,"column":104}}},"9":{"name":"(anonymous_9)","decl":{"start":{"line":252,"column":10},"end":{"line":252,"column":15}},"loc":{"start":{"line":252,"column":93},"end":{"line":480,"column":3}}},"10":{"name":"(anonymous_10)","decl":{"start":{"line":261,"column":52},"end":{"line":261,"column":53}},"loc":{"start":{"line":261,"column":57},"end":{"line":261,"column":75}}},"11":{"name":"(anonymous_11)","decl":{"start":{"line":262,"column":49},"end":{"line":262,"column":50}},"loc":{"start":{"line":262,"column":54},"end":{"line":262,"column":69}}},"12":{"name":"(anonymous_12)","decl":{"start":{"line":468,"column":54},"end":{"line":468,"column":57}},"loc":{"start":{"line":468,"column":61},"end":{"line":468,"column":81}}},"13":{"name":"(anonymous_13)","decl":{"start":{"line":469,"column":51},"end":{"line":469,"column":54}},"loc":{"start":{"line":469,"column":58},"end":{"line":469,"column":75}}},"14":{"name":"(anonymous_14)","decl":{"start":{"line":485,"column":10},"end":{"line":485,"column":34}},"loc":{"start":{"line":485,"column":57},"end":{"line":507,"column":3}}},"15":{"name":"(anonymous_15)","decl":{"start":{"line":486,"column":72},"end":{"line":486,"column":73}},"loc":{"start":{"line":486,"column":77},"end":{"line":486,"column":91}}},"16":{"name":"(anonymous_16)","decl":{"start":{"line":487,"column":70},"end":{"line":487,"column":71}},"loc":{"start":{"line":487,"column":75},"end":{"line":487,"column":89}}},"17":{"name":"(anonymous_17)","decl":{"start":{"line":512,"column":10},"end":{"line":512,"column":39}},"loc":{"start":{"line":512,"column":66},"end":{"line":519,"column":3}}},"18":{"name":"(anonymous_18)","decl":{"start":{"line":514,"column":11},"end":{"line":514,"column":12}},"loc":{"start":{"line":514,"column":26},"end":{"line":517,"column":7}}},"19":{"name":"(anonymous_19)","decl":{"start":{"line":524,"column":9},"end":{"line":524,"column":14}},"loc":{"start":{"line":524,"column":76},"end":{"line":694,"column":3}}},"20":{"name":"(anonymous_20)","decl":{"start":{"line":582,"column":76},"end":{"line":582,"column":86}},"loc":{"start":{"line":582,"column":89},"end":{"line":625,"column":11}}},"21":{"name":"(anonymous_21)","decl":{"start":{"line":584,"column":66},"end":{"line":584,"column":71}},"loc":{"start":{"line":584,"column":74},"end":{"line":614,"column":13}}},"22":{"name":"(anonymous_22)","decl":{"start":{"line":594,"column":64},"end":{"line":594,"column":65}},"loc":{"start":{"line":594,"column":69},"end":{"line":594,"column":82}}},"23":{"name":"(anonymous_23)","decl":{"start":{"line":595,"column":74},"end":{"line":595,"column":75}},"loc":{"start":{"line":595,"column":79},"end":{"line":595,"column":92}}},"24":{"name":"(anonymous_24)","decl":{"start":{"line":630,"column":18},"end":{"line":630,"column":22}},"loc":{"start":{"line":630,"column":25},"end":{"line":635,"column":11}}},"25":{"name":"(anonymous_25)","decl":{"start":{"line":632,"column":56},"end":{"line":632,"column":59}},"loc":{"start":{"line":633,"column":14},"end":{"line":633,"column":67}}},"26":{"name":"(anonymous_26)","decl":{"start":{"line":636,"column":15},"end":{"line":636,"column":19}},"loc":{"start":{"line":636,"column":24},"end":{"line":646,"column":12}}},"27":{"name":"(anonymous_27)","decl":{"start":{"line":650,"column":70},"end":{"line":650,"column":74}},"loc":{"start":{"line":650,"column":78},"end":{"line":650,"column":95}}},"28":{"name":"(anonymous_28)","decl":{"start":{"line":699,"column":2},"end":{"line":699,"column":7}},"loc":{"start":{"line":699,"column":64},"end":{"line":744,"column":3}}},"29":{"name":"(anonymous_29)","decl":{"start":{"line":716,"column":14},"end":{"line":716,"column":15}},"loc":{"start":{"line":716,"column":24},"end":{"line":716,"column":89}}},"30":{"name":"(anonymous_30)","decl":{"start":{"line":749,"column":2},"end":{"line":749,"column":7}},"loc":{"start":{"line":749,"column":71},"end":{"line":796,"column":3}}},"31":{"name":"(anonymous_31)","decl":{"start":{"line":757,"column":22},"end":{"line":757,"column":28}},"loc":{"start":{"line":757,"column":31},"end":{"line":765,"column":7}}},"32":{"name":"(anonymous_32)","decl":{"start":{"line":804,"column":2},"end":{"line":804,"column":7}},"loc":{"start":{"line":804,"column":69},"end":{"line":873,"column":3}}},"33":{"name":"(anonymous_33)","decl":{"start":{"line":823,"column":43},"end":{"line":823,"column":49}},"loc":{"start":{"line":823,"column":52},"end":{"line":826,"column":7}}}},"branchMap":{"0":{"loc":{"start":{"line":23,"column":4},"end":{"line":28,"column":5}},"type":"if","locations":[{"start":{"line":23,"column":4},"end":{"line":28,"column":5}},{"start":{},"end":{}}]},"1":{"loc":{"start":{"line":24,"column":6},"end":{"line":26,"column":7}},"type":"if","locations":[{"start":{"line":24,"column":6},"end":{"line":26,"column":7}},{"start":{},"end":{}}]},"2":{"loc":{"start":{"line":24,"column":10},"end":{"line":24,"column":53}},"type":"binary-expr","locations":[{"start":{"line":24,"column":10},"end":{"line":24,"column":14}},{"start":{"line":24,"column":18},"end":{"line":24,"column":31}},{"start":{"line":24,"column":35},"end":{"line":24,"column":53}}]},"3":{"loc":{"start":{"line":46,"column":29},"end":{"line":46,"column":69}},"type":"binary-expr","locations":[{"start":{"line":46,"column":29},"end":{"line":46,"column":64}},{"start":{"line":46,"column":68},"end":{"line":46,"column":69}}]},"4":{"loc":{"start":{"line":52,"column":6},"end":{"line":61,"column":7}},"type":"if","locations":[{"start":{"line":52,"column":6},"end":{"line":61,"column":7}},{"start":{},"end":{}}]},"5":{"loc":{"start":{"line":52,"column":10},"end":{"line":52,"column":65}},"type":"binary-expr","locations":[{"start":{"line":52,"column":10},"end":{"line":52,"column":30}},{"start":{"line":52,"column":34},"end":{"line":52,"column":65}}]},"6":{"loc":{"start":{"line":57,"column":25},"end":{"line":57,"column":57}},"type":"binary-expr","locations":[{"start":{"line":57,"column":25},"end":{"line":57,"column":52}},{"start":{"line":57,"column":56},"end":{"line":57,"column":57}}]},"7":{"loc":{"start":{"line":65,"column":6},"end":{"line":74,"column":7}},"type":"if","locations":[{"start":{"line":65,"column":6},"end":{"line":74,"column":7}},{"start":{},"end":{}}]},"8":{"loc":{"start":{"line":85,"column":24},"end":{"line":85,"column":53}},"type":"binary-expr","locations":[{"start":{"line":85,"column":24},"end":{"line":85,"column":48}},{"start":{"line":85,"column":52},"end":{"line":85,"column":53}}]},"9":{"loc":{"start":{"line":96,"column":19},"end":{"line":96,"column":66}},"type":"cond-expr","locations":[{"start":{"line":96,"column":44},"end":{"line":96,"column":54}},{"start":{"line":96,"column":57},"end":{"line":96,"column":66}}]},"10":{"loc":{"start":{"line":97,"column":22},"end":{"line":97,"column":76}},"type":"cond-expr","locations":[{"start":{"line":97,"column":47},"end":{"line":97,"column":60}},{"start":{"line":97,"column":63},"end":{"line":97,"column":76}}]},"11":{"loc":{"start":{"line":112,"column":6},"end":{"line":122,"column":7}},"type":"if","locations":[{"start":{"line":112,"column":6},"end":{"line":122,"column":7}},{"start":{},"end":{}}]},"12":{"loc":{"start":{"line":112,"column":10},"end":{"line":112,"column":88}},"type":"binary-expr","locations":[{"start":{"line":112,"column":10},"end":{"line":112,"column":21}},{"start":{"line":112,"column":25},"end":{"line":112,"column":47}},{"start":{"line":112,"column":51},"end":{"line":112,"column":88}}]},"13":{"loc":{"start":{"line":125,"column":23},"end":{"line":125,"column":74}},"type":"binary-expr","locations":[{"start":{"line":125,"column":23},"end":{"line":125,"column":68}},{"start":{"line":125,"column":72},"end":{"line":125,"column":74}}]},"14":{"loc":{"start":{"line":128,"column":6},"end":{"line":136,"column":7}},"type":"if","locations":[{"start":{"line":128,"column":6},"end":{"line":136,"column":7}},{"start":{},"end":{}}]},"15":{"loc":{"start":{"line":153,"column":8},"end":{"line":162,"column":9}},"type":"if","locations":[{"start":{"line":153,"column":8},"end":{"line":162,"column":9}},{"start":{},"end":{}}]},"16":{"loc":{"start":{"line":153,"column":12},"end":{"line":153,"column":65}},"type":"binary-expr","locations":[{"start":{"line":153,"column":12},"end":{"line":153,"column":18}},{"start":{"line":153,"column":22},"end":{"line":153,"column":43}},{"start":{"line":153,"column":47},"end":{"line":153,"column":65}}]},"17":{"loc":{"start":{"line":155,"column":10},"end":{"line":161,"column":11}},"type":"if","locations":[{"start":{"line":155,"column":10},"end":{"line":161,"column":11}},{"start":{"line":157,"column":17},"end":{"line":161,"column":11}}]},"18":{"loc":{"start":{"line":157,"column":17},"end":{"line":161,"column":11}},"type":"if","locations":[{"start":{"line":157,"column":17},"end":{"line":161,"column":11}},{"start":{"line":159,"column":17},"end":{"line":161,"column":11}}]},"19":{"loc":{"start":{"line":159,"column":17},"end":{"line":161,"column":11}},"type":"if","locations":[{"start":{"line":159,"column":17},"end":{"line":161,"column":11}},{"start":{},"end":{}}]},"20":{"loc":{"start":{"line":166,"column":8},"end":{"line":177,"column":9}},"type":"if","locations":[{"start":{"line":166,"column":8},"end":{"line":177,"column":9}},{"start":{"line":168,"column":15},"end":{"line":177,"column":9}}]},"21":{"loc":{"start":{"line":168,"column":15},"end":{"line":177,"column":9}},"type":"if","locations":[{"start":{"line":168,"column":15},"end":{"line":177,"column":9}},{"start":{},"end":{}}]},"22":{"loc":{"start":{"line":169,"column":10},"end":{"line":176,"column":11}},"type":"if","locations":[{"start":{"line":169,"column":10},"end":{"line":176,"column":11}},{"start":{"line":171,"column":17},"end":{"line":176,"column":11}}]},"23":{"loc":{"start":{"line":171,"column":17},"end":{"line":176,"column":11}},"type":"if","locations":[{"start":{"line":171,"column":17},"end":{"line":176,"column":11}},{"start":{},"end":{}}]},"24":{"loc":{"start":{"line":174,"column":14},"end":{"line":174,"column":85}},"type":"cond-expr","locations":[{"start":{"line":174,"column":42},"end":{"line":174,"column":47}},{"start":{"line":174,"column":50},"end":{"line":174,"column":85}}]},"25":{"loc":{"start":{"line":174,"column":50},"end":{"line":174,"column":85}},"type":"binary-expr","locations":[{"start":{"line":174,"column":50},"end":{"line":174,"column":60}},{"start":{"line":174,"column":64},"end":{"line":174,"column":85}}]},"26":{"loc":{"start":{"line":181,"column":19},"end":{"line":181,"column":32}},"type":"binary-expr","locations":[{"start":{"line":181,"column":19},"end":{"line":181,"column":26}},{"start":{"line":181,"column":30},"end":{"line":181,"column":32}}]},"27":{"loc":{"start":{"line":182,"column":21},"end":{"line":182,"column":63}},"type":"binary-expr","locations":[{"start":{"line":182,"column":21},"end":{"line":182,"column":35}},{"start":{"line":182,"column":39},"end":{"line":182,"column":63}}]},"28":{"loc":{"start":{"line":186,"column":74},"end":{"line":186,"column":141}},"type":"binary-expr","locations":[{"start":{"line":186,"column":74},"end":{"line":186,"column":136}},{"start":{"line":186,"column":140},"end":{"line":186,"column":141}}]},"29":{"loc":{"start":{"line":202,"column":31},"end":{"line":204,"column":11}},"type":"cond-expr","locations":[{"start":{"line":203,"column":10},"end":{"line":203,"column":87}},{"start":{"line":204,"column":10},"end":{"line":204,"column":11}}]},"30":{"loc":{"start":{"line":207,"column":60},"end":{"line":207,"column":104}},"type":"binary-expr","locations":[{"start":{"line":207,"column":60},"end":{"line":207,"column":71}},{"start":{"line":207,"column":75},"end":{"line":207,"column":104}}]},"31":{"loc":{"start":{"line":220,"column":26},"end":{"line":220,"column":85}},"type":"cond-expr","locations":[{"start":{"line":220,"column":54},"end":{"line":220,"column":81}},{"start":{"line":220,"column":84},"end":{"line":220,"column":85}}]},"32":{"loc":{"start":{"line":221,"column":26},"end":{"line":221,"column":85}},"type":"cond-expr","locations":[{"start":{"line":221,"column":54},"end":{"line":221,"column":81}},{"start":{"line":221,"column":84},"end":{"line":221,"column":85}}]},"33":{"loc":{"start":{"line":225,"column":6},"end":{"line":232,"column":7}},"type":"if","locations":[{"start":{"line":225,"column":6},"end":{"line":232,"column":7}},{"start":{},"end":{}}]},"34":{"loc":{"start":{"line":240,"column":19},"end":{"line":240,"column":66}},"type":"cond-expr","locations":[{"start":{"line":240,"column":44},"end":{"line":240,"column":54}},{"start":{"line":240,"column":57},"end":{"line":240,"column":66}}]},"35":{"loc":{"start":{"line":241,"column":22},"end":{"line":241,"column":76}},"type":"cond-expr","locations":[{"start":{"line":241,"column":47},"end":{"line":241,"column":60}},{"start":{"line":241,"column":63},"end":{"line":241,"column":76}}]},"36":{"loc":{"start":{"line":242,"column":20},"end":{"line":242,"column":68}},"type":"cond-expr","locations":[{"start":{"line":242,"column":45},"end":{"line":242,"column":56}},{"start":{"line":242,"column":59},"end":{"line":242,"column":68}}]},"37":{"loc":{"start":{"line":265,"column":17},"end":{"line":265,"column":48}},"type":"binary-expr","locations":[{"start":{"line":265,"column":17},"end":{"line":265,"column":35}},{"start":{"line":265,"column":39},"end":{"line":265,"column":48}}]},"38":{"loc":{"start":{"line":270,"column":89},"end":{"line":270,"column":168}},"type":"binary-expr","locations":[{"start":{"line":270,"column":89},"end":{"line":270,"column":144}},{"start":{"line":270,"column":148},"end":{"line":270,"column":168}}]},"39":{"loc":{"start":{"line":328,"column":26},"end":{"line":328,"column":71}},"type":"cond-expr","locations":[{"start":{"line":328,"column":41},"end":{"line":328,"column":66}},{"start":{"line":328,"column":69},"end":{"line":328,"column":71}}]},"40":{"loc":{"start":{"line":337,"column":6},"end":{"line":348,"column":7}},"type":"if","locations":[{"start":{"line":337,"column":6},"end":{"line":348,"column":7}},{"start":{},"end":{}}]},"41":{"loc":{"start":{"line":337,"column":10},"end":{"line":337,"column":71}},"type":"binary-expr","locations":[{"start":{"line":337,"column":10},"end":{"line":337,"column":23}},{"start":{"line":337,"column":27},"end":{"line":337,"column":46}},{"start":{"line":337,"column":50},"end":{"line":337,"column":71}}]},"42":{"loc":{"start":{"line":354,"column":6},"end":{"line":364,"column":7}},"type":"if","locations":[{"start":{"line":354,"column":6},"end":{"line":364,"column":7}},{"start":{},"end":{}}]},"43":{"loc":{"start":{"line":354,"column":10},"end":{"line":354,"column":42}},"type":"binary-expr","locations":[{"start":{"line":354,"column":10},"end":{"line":354,"column":23}},{"start":{"line":354,"column":27},"end":{"line":354,"column":42}}]},"44":{"loc":{"start":{"line":367,"column":28},"end":{"line":370,"column":79}},"type":"binary-expr","locations":[{"start":{"line":367,"column":28},"end":{"line":367,"column":80}},{"start":{"line":368,"column":27},"end":{"line":368,"column":84}},{"start":{"line":369,"column":27},"end":{"line":369,"column":84}},{"start":{"line":370,"column":27},"end":{"line":370,"column":79}}]},"45":{"loc":{"start":{"line":367,"column":29},"end":{"line":367,"column":75}},"type":"binary-expr","locations":[{"start":{"line":367,"column":29},"end":{"line":367,"column":70}},{"start":{"line":367,"column":74},"end":{"line":367,"column":75}}]},"46":{"loc":{"start":{"line":368,"column":28},"end":{"line":368,"column":79}},"type":"binary-expr","locations":[{"start":{"line":368,"column":28},"end":{"line":368,"column":74}},{"start":{"line":368,"column":78},"end":{"line":368,"column":79}}]},"47":{"loc":{"start":{"line":369,"column":28},"end":{"line":369,"column":79}},"type":"binary-expr","locations":[{"start":{"line":369,"column":28},"end":{"line":369,"column":74}},{"start":{"line":369,"column":78},"end":{"line":369,"column":79}}]},"48":{"loc":{"start":{"line":370,"column":28},"end":{"line":370,"column":74}},"type":"binary-expr","locations":[{"start":{"line":370,"column":28},"end":{"line":370,"column":69}},{"start":{"line":370,"column":73},"end":{"line":370,"column":74}}]},"49":{"loc":{"start":{"line":372,"column":25},"end":{"line":374,"column":82}},"type":"binary-expr","locations":[{"start":{"line":372,"column":25},"end":{"line":372,"column":81}},{"start":{"line":373,"column":24},"end":{"line":373,"column":77}},{"start":{"line":374,"column":24},"end":{"line":374,"column":82}}]},"50":{"loc":{"start":{"line":372,"column":26},"end":{"line":372,"column":76}},"type":"binary-expr","locations":[{"start":{"line":372,"column":26},"end":{"line":372,"column":71}},{"start":{"line":372,"column":75},"end":{"line":372,"column":76}}]},"51":{"loc":{"start":{"line":373,"column":25},"end":{"line":373,"column":72}},"type":"binary-expr","locations":[{"start":{"line":373,"column":25},"end":{"line":373,"column":67}},{"start":{"line":373,"column":71},"end":{"line":373,"column":72}}]},"52":{"loc":{"start":{"line":374,"column":25},"end":{"line":374,"column":77}},"type":"binary-expr","locations":[{"start":{"line":374,"column":25},"end":{"line":374,"column":72}},{"start":{"line":374,"column":76},"end":{"line":374,"column":77}}]},"53":{"loc":{"start":{"line":376,"column":25},"end":{"line":377,"column":71}},"type":"binary-expr","locations":[{"start":{"line":376,"column":25},"end":{"line":376,"column":76}},{"start":{"line":377,"column":24},"end":{"line":377,"column":71}}]},"54":{"loc":{"start":{"line":376,"column":26},"end":{"line":376,"column":71}},"type":"binary-expr","locations":[{"start":{"line":376,"column":26},"end":{"line":376,"column":66}},{"start":{"line":376,"column":70},"end":{"line":376,"column":71}}]},"55":{"loc":{"start":{"line":377,"column":25},"end":{"line":377,"column":66}},"type":"binary-expr","locations":[{"start":{"line":377,"column":25},"end":{"line":377,"column":61}},{"start":{"line":377,"column":65},"end":{"line":377,"column":66}}]},"56":{"loc":{"start":{"line":379,"column":26},"end":{"line":381,"column":66}},"type":"binary-expr","locations":[{"start":{"line":379,"column":26},"end":{"line":379,"column":74}},{"start":{"line":380,"column":25},"end":{"line":380,"column":72}},{"start":{"line":381,"column":25},"end":{"line":381,"column":66}}]},"57":{"loc":{"start":{"line":379,"column":27},"end":{"line":379,"column":69}},"type":"binary-expr","locations":[{"start":{"line":379,"column":27},"end":{"line":379,"column":64}},{"start":{"line":379,"column":68},"end":{"line":379,"column":69}}]},"58":{"loc":{"start":{"line":380,"column":26},"end":{"line":380,"column":67}},"type":"binary-expr","locations":[{"start":{"line":380,"column":26},"end":{"line":380,"column":62}},{"start":{"line":380,"column":66},"end":{"line":380,"column":67}}]},"59":{"loc":{"start":{"line":381,"column":26},"end":{"line":381,"column":61}},"type":"binary-expr","locations":[{"start":{"line":381,"column":26},"end":{"line":381,"column":56}},{"start":{"line":381,"column":60},"end":{"line":381,"column":61}}]},"60":{"loc":{"start":{"line":383,"column":35},"end":{"line":383,"column":121}},"type":"binary-expr","locations":[{"start":{"line":383,"column":35},"end":{"line":383,"column":48}},{"start":{"line":383,"column":52},"end":{"line":383,"column":62}},{"start":{"line":383,"column":66},"end":{"line":383,"column":76}},{"start":{"line":383,"column":80},"end":{"line":383,"column":91}},{"start":{"line":383,"column":95},"end":{"line":383,"column":121}}]},"61":{"loc":{"start":{"line":385,"column":6},"end":{"line":399,"column":7}},"type":"if","locations":[{"start":{"line":385,"column":6},"end":{"line":399,"column":7}},{"start":{},"end":{}}]},"62":{"loc":{"start":{"line":405,"column":19},"end":{"line":405,"column":50}},"type":"binary-expr","locations":[{"start":{"line":405,"column":19},"end":{"line":405,"column":37}},{"start":{"line":405,"column":41},"end":{"line":405,"column":50}}]},"63":{"loc":{"start":{"line":408,"column":20},"end":{"line":408,"column":51}},"type":"binary-expr","locations":[{"start":{"line":408,"column":20},"end":{"line":408,"column":38}},{"start":{"line":408,"column":42},"end":{"line":408,"column":51}}]},"64":{"loc":{"start":{"line":409,"column":23},"end":{"line":409,"column":56}},"type":"binary-expr","locations":[{"start":{"line":409,"column":23},"end":{"line":409,"column":51}},{"start":{"line":409,"column":55},"end":{"line":409,"column":56}}]},"65":{"loc":{"start":{"line":410,"column":24},"end":{"line":410,"column":59}},"type":"binary-expr","locations":[{"start":{"line":410,"column":24},"end":{"line":410,"column":54}},{"start":{"line":410,"column":58},"end":{"line":410,"column":59}}]},"66":{"loc":{"start":{"line":411,"column":23},"end":{"line":411,"column":69}},"type":"binary-expr","locations":[{"start":{"line":411,"column":23},"end":{"line":411,"column":64}},{"start":{"line":411,"column":68},"end":{"line":411,"column":69}}]},"67":{"loc":{"start":{"line":470,"column":19},"end":{"line":470,"column":66}},"type":"cond-expr","locations":[{"start":{"line":470,"column":44},"end":{"line":470,"column":54}},{"start":{"line":470,"column":57},"end":{"line":470,"column":66}}]},"68":{"loc":{"start":{"line":471,"column":22},"end":{"line":471,"column":78}},"type":"cond-expr","locations":[{"start":{"line":471,"column":47},"end":{"line":471,"column":60}},{"start":{"line":471,"column":63},"end":{"line":471,"column":78}}]},"69":{"loc":{"start":{"line":472,"column":20},"end":{"line":472,"column":68}},"type":"cond-expr","locations":[{"start":{"line":472,"column":45},"end":{"line":472,"column":56}},{"start":{"line":472,"column":59},"end":{"line":472,"column":68}}]},"70":{"loc":{"start":{"line":474,"column":19},"end":{"line":474,"column":50}},"type":"binary-expr","locations":[{"start":{"line":474,"column":19},"end":{"line":474,"column":37}},{"start":{"line":474,"column":41},"end":{"line":474,"column":50}}]},"71":{"loc":{"start":{"line":486,"column":30},"end":{"line":486,"column":116}},"type":"binary-expr","locations":[{"start":{"line":486,"column":30},"end":{"line":486,"column":103}},{"start":{"line":486,"column":107},"end":{"line":486,"column":116}}]},"72":{"loc":{"start":{"line":487,"column":28},"end":{"line":487,"column":114}},"type":"binary-expr","locations":[{"start":{"line":487,"column":28},"end":{"line":487,"column":101}},{"start":{"line":487,"column":105},"end":{"line":487,"column":114}}]},"73":{"loc":{"start":{"line":495,"column":19},"end":{"line":495,"column":87}},"type":"binary-expr","locations":[{"start":{"line":495,"column":19},"end":{"line":495,"column":74}},{"start":{"line":495,"column":78},"end":{"line":495,"column":87}}]},"74":{"loc":{"start":{"line":515,"column":21},"end":{"line":515,"column":64}},"type":"cond-expr","locations":[{"start":{"line":515,"column":44},"end":{"line":515,"column":50}},{"start":{"line":515,"column":53},"end":{"line":515,"column":64}}]},"75":{"loc":{"start":{"line":529,"column":6},"end":{"line":541,"column":7}},"type":"if","locations":[{"start":{"line":529,"column":6},"end":{"line":541,"column":7}},{"start":{},"end":{}}]},"76":{"loc":{"start":{"line":529,"column":10},"end":{"line":530,"column":80}},"type":"binary-expr","locations":[{"start":{"line":529,"column":10},"end":{"line":529,"column":17}},{"start":{"line":529,"column":21},"end":{"line":529,"column":34}},{"start":{"line":529,"column":38},"end":{"line":529,"column":53}},{"start":{"line":530,"column":10},"end":{"line":530,"column":42}},{"start":{"line":530,"column":46},"end":{"line":530,"column":80}}]},"77":{"loc":{"start":{"line":537,"column":23},"end":{"line":537,"column":56}},"type":"binary-expr","locations":[{"start":{"line":537,"column":23},"end":{"line":537,"column":51}},{"start":{"line":537,"column":55},"end":{"line":537,"column":56}}]},"78":{"loc":{"start":{"line":538,"column":25},"end":{"line":538,"column":60}},"type":"binary-expr","locations":[{"start":{"line":538,"column":25},"end":{"line":538,"column":55}},{"start":{"line":538,"column":59},"end":{"line":538,"column":60}}]},"79":{"loc":{"start":{"line":545,"column":6},"end":{"line":551,"column":7}},"type":"if","locations":[{"start":{"line":545,"column":6},"end":{"line":551,"column":7}},{"start":{},"end":{}}]},"80":{"loc":{"start":{"line":553,"column":34},"end":{"line":553,"column":81}},"type":"binary-expr","locations":[{"start":{"line":553,"column":34},"end":{"line":553,"column":76}},{"start":{"line":553,"column":80},"end":{"line":553,"column":81}}]},"81":{"loc":{"start":{"line":560,"column":24},"end":{"line":560,"column":64}},"type":"binary-expr","locations":[{"start":{"line":560,"column":24},"end":{"line":560,"column":58}},{"start":{"line":560,"column":62},"end":{"line":560,"column":64}}]},"82":{"loc":{"start":{"line":569,"column":6},"end":{"line":666,"column":7}},"type":"if","locations":[{"start":{"line":569,"column":6},"end":{"line":666,"column":7}},{"start":{},"end":{}}]},"83":{"loc":{"start":{"line":569,"column":10},"end":{"line":569,"column":111}},"type":"binary-expr","locations":[{"start":{"line":569,"column":10},"end":{"line":569,"column":53}},{"start":{"line":569,"column":57},"end":{"line":569,"column":111}}]},"84":{"loc":{"start":{"line":575,"column":14},"end":{"line":575,"column":50}},"type":"binary-expr","locations":[{"start":{"line":575,"column":14},"end":{"line":575,"column":44}},{"start":{"line":575,"column":48},"end":{"line":575,"column":50}}]},"85":{"loc":{"start":{"line":576,"column":14},"end":{"line":576,"column":47}},"type":"binary-expr","locations":[{"start":{"line":576,"column":14},"end":{"line":576,"column":41}},{"start":{"line":576,"column":45},"end":{"line":576,"column":47}}]},"86":{"loc":{"start":{"line":577,"column":14},"end":{"line":577,"column":42}},"type":"binary-expr","locations":[{"start":{"line":577,"column":14},"end":{"line":577,"column":36}},{"start":{"line":577,"column":40},"end":{"line":577,"column":42}}]},"87":{"loc":{"start":{"line":581,"column":8},"end":{"line":626,"column":9}},"type":"if","locations":[{"start":{"line":581,"column":8},"end":{"line":626,"column":9}},{"start":{},"end":{}}]},"88":{"loc":{"start":{"line":581,"column":12},"end":{"line":581,"column":85}},"type":"binary-expr","locations":[{"start":{"line":581,"column":12},"end":{"line":581,"column":41}},{"start":{"line":581,"column":45},"end":{"line":581,"column":85}}]},"89":{"loc":{"start":{"line":589,"column":14},"end":{"line":591,"column":15}},"type":"if","locations":[{"start":{"line":589,"column":14},"end":{"line":591,"column":15}},{"start":{},"end":{}}]},"90":{"loc":{"start":{"line":589,"column":18},"end":{"line":589,"column":94}},"type":"binary-expr","locations":[{"start":{"line":589,"column":18},"end":{"line":589,"column":54}},{"start":{"line":589,"column":58},"end":{"line":589,"column":94}}]},"91":{"loc":{"start":{"line":603,"column":18},"end":{"line":608,"column":19}},"type":"if","locations":[{"start":{"line":603,"column":18},"end":{"line":608,"column":19}},{"start":{},"end":{}}]},"92":{"loc":{"start":{"line":603,"column":22},"end":{"line":603,"column":69}},"type":"binary-expr","locations":[{"start":{"line":603,"column":22},"end":{"line":603,"column":31}},{"start":{"line":603,"column":35},"end":{"line":603,"column":50}},{"start":{"line":603,"column":54},"end":{"line":603,"column":69}}]},"93":{"loc":{"start":{"line":605,"column":20},"end":{"line":607,"column":21}},"type":"if","locations":[{"start":{"line":605,"column":20},"end":{"line":607,"column":21}},{"start":{},"end":{}}]},"94":{"loc":{"start":{"line":605,"column":24},"end":{"line":605,"column":56}},"type":"binary-expr","locations":[{"start":{"line":605,"column":24},"end":{"line":605,"column":38}},{"start":{"line":605,"column":42},"end":{"line":605,"column":56}}]},"95":{"loc":{"start":{"line":613,"column":21},"end":{"line":613,"column":52}},"type":"binary-expr","locations":[{"start":{"line":613,"column":21},"end":{"line":613,"column":33}},{"start":{"line":613,"column":37},"end":{"line":613,"column":52}}]},"96":{"loc":{"start":{"line":616,"column":12},"end":{"line":623,"column":13}},"type":"if","locations":[{"start":{"line":616,"column":12},"end":{"line":623,"column":13}},{"start":{},"end":{}}]},"97":{"loc":{"start":{"line":621,"column":32},"end":{"line":621,"column":61}},"type":"binary-expr","locations":[{"start":{"line":621,"column":32},"end":{"line":621,"column":56}},{"start":{"line":621,"column":60},"end":{"line":621,"column":61}}]},"98":{"loc":{"start":{"line":652,"column":14},"end":{"line":652,"column":54}},"type":"binary-expr","locations":[{"start":{"line":652,"column":14},"end":{"line":652,"column":48}},{"start":{"line":652,"column":52},"end":{"line":652,"column":54}}]},"99":{"loc":{"start":{"line":659,"column":29},"end":{"line":659,"column":64}},"type":"binary-expr","locations":[{"start":{"line":659,"column":29},"end":{"line":659,"column":58}},{"start":{"line":659,"column":62},"end":{"line":659,"column":64}}]},"100":{"loc":{"start":{"line":662,"column":30},"end":{"line":662,"column":69}},"type":"binary-expr","locations":[{"start":{"line":662,"column":30},"end":{"line":662,"column":64}},{"start":{"line":662,"column":68},"end":{"line":662,"column":69}}]},"101":{"loc":{"start":{"line":688,"column":19},"end":{"line":688,"column":66}},"type":"cond-expr","locations":[{"start":{"line":688,"column":44},"end":{"line":688,"column":54}},{"start":{"line":688,"column":57},"end":{"line":688,"column":66}}]},"102":{"loc":{"start":{"line":689,"column":22},"end":{"line":689,"column":76}},"type":"cond-expr","locations":[{"start":{"line":689,"column":47},"end":{"line":689,"column":60}},{"start":{"line":689,"column":63},"end":{"line":689,"column":76}}]},"103":{"loc":{"start":{"line":699,"column":46},"end":{"line":699,"column":64}},"type":"default-arg","locations":[{"start":{"line":699,"column":62},"end":{"line":699,"column":64}}]},"104":{"loc":{"start":{"line":704,"column":6},"end":{"line":713,"column":7}},"type":"if","locations":[{"start":{"line":704,"column":6},"end":{"line":713,"column":7}},{"start":{},"end":{}}]},"105":{"loc":{"start":{"line":704,"column":10},"end":{"line":704,"column":53}},"type":"binary-expr","locations":[{"start":{"line":704,"column":10},"end":{"line":704,"column":21}},{"start":{"line":704,"column":25},"end":{"line":704,"column":53}}]},"106":{"loc":{"start":{"line":738,"column":19},"end":{"line":738,"column":66}},"type":"cond-expr","locations":[{"start":{"line":738,"column":44},"end":{"line":738,"column":54}},{"start":{"line":738,"column":57},"end":{"line":738,"column":66}}]},"107":{"loc":{"start":{"line":739,"column":22},"end":{"line":739,"column":76}},"type":"cond-expr","locations":[{"start":{"line":739,"column":47},"end":{"line":739,"column":60}},{"start":{"line":739,"column":63},"end":{"line":739,"column":76}}]},"108":{"loc":{"start":{"line":749,"column":53},"end":{"line":749,"column":71}},"type":"default-arg","locations":[{"start":{"line":749,"column":69},"end":{"line":749,"column":71}}]},"109":{"loc":{"start":{"line":758,"column":8},"end":{"line":764,"column":9}},"type":"if","locations":[{"start":{"line":758,"column":8},"end":{"line":764,"column":9}},{"start":{},"end":{}}]},"110":{"loc":{"start":{"line":760,"column":10},"end":{"line":762,"column":11}},"type":"if","locations":[{"start":{"line":760,"column":10},"end":{"line":762,"column":11}},{"start":{},"end":{}}]},"111":{"loc":{"start":{"line":790,"column":19},"end":{"line":790,"column":66}},"type":"cond-expr","locations":[{"start":{"line":790,"column":44},"end":{"line":790,"column":54}},{"start":{"line":790,"column":57},"end":{"line":790,"column":66}}]},"112":{"loc":{"start":{"line":791,"column":22},"end":{"line":791,"column":76}},"type":"cond-expr","locations":[{"start":{"line":791,"column":47},"end":{"line":791,"column":60}},{"start":{"line":791,"column":63},"end":{"line":791,"column":76}}]},"113":{"loc":{"start":{"line":804,"column":46},"end":{"line":804,"column":69}},"type":"default-arg","locations":[{"start":{"line":804,"column":67},"end":{"line":804,"column":69}}]},"114":{"loc":{"start":{"line":809,"column":6},"end":{"line":816,"column":7}},"type":"if","locations":[{"start":{"line":809,"column":6},"end":{"line":816,"column":7}},{"start":{},"end":{}}]},"115":{"loc":{"start":{"line":818,"column":22},"end":{"line":818,"column":56}},"type":"binary-expr","locations":[{"start":{"line":818,"column":22},"end":{"line":818,"column":50}},{"start":{"line":818,"column":54},"end":{"line":818,"column":56}}]},"116":{"loc":{"start":{"line":830,"column":6},"end":{"line":857,"column":7
[...]
,"/home/maixnor/repo/languagebuddy/backend/src/services/stripe-webhook-service.ts": {"path":"/home/maixnor/repo/languagebuddy/backend/src/services/stripe-webhook-service.ts","statementMap":{"0":{"start":{"line":3,"column":0},"end":{"line":3,"column":35}},"1":{"start":{"line":8,"column":12},"end":{"line":8,"column":48}},"2":{"start":{"line":9,"column":12},"end":{"line":9,"column":40}},"3":{"start":{"line":10,"column":12},"end":{"line":10,"column":39}},"4":{"start":{"line":19,"column":4},"end":{"line":34,"column":5}},"5":{"start":{"line":21,"column":6},"end":{"line":24,"column":7}},"6":{"start":{"line":22,"column":8},"end":{"line":22,"column":89}},"7":{"start":{"line":23,"column":8},"end":{"line":23,"column":65}},"8":{"start":{"line":26,"column":6},"end":{"line":30,"column":8}},"9":{"start":{"line":32,"column":6},"end":{"line":32,"column":77}},"10":{"start":{"line":33,"column":6},"end":{"line":33,"column":16}},"11":{"start":{"line":37,"column":4},"end":{"line":46,"column":5}},"12":{"start":{"line":41,"column":8},"end":{"line":41,"column":51}},"13":{"start":{"line":42,"column":8},"end":{"line":42,"column":14}},"14":{"start":{"line":45,"column":8},"end":{"line":45,"column":79}},"15":{"start":{"line":50,"column":25},"end":{"line":50,"column":65}},"16":{"start":{"line":51,"column":21},"end":{"line":51,"column":61}},"17":{"start":{"line":52,"column":24},"end":{"line":52,"column":38}},"18":{"start":{"line":54,"column":4},"end":{"line":57,"column":5}},"19":{"start":{"line":55,"column":6},"end":{"line":55,"column":114}},"20":{"start":{"line":56,"column":6},"end":{"line":56,"column":13}},"21":{"start":{"line":59,"column":22},"end":{"line":59,"column":92}},"22":{"start":{"line":61,"column":4},"end":{"line":64,"column":6}},"23":{"start":{"line":66,"column":4},"end":{"line":66,"column":78}},"24":{"start":{"line":6,"column":0},"end":{"line":6,"column":13}}},"fnMap":{"0":{"name":"(anonymous_0)","decl":{"start":{"line":7,"column":2},"end":{"line":7,"column":null}},"loc":{"start":{"line":10,"column":39},"end":{"line":11,"column":6}}},"1":{"name":"(anonymous_1)","decl":{"start":{"line":13,"column":2},"end":{"line":13,"column":7}},"loc":{"start":{"line":15,"column":19},"end":{"line":47,"column":3}}},"2":{"name":"(anonymous_2)","decl":{"start":{"line":49,"column":10},"end":{"line":49,"column":15}},"loc":{"start":{"line":49,"column":60},"end":{"line":67,"column":3}}}},"branchMap":{"0":{"loc":{"start":{"line":21,"column":6},"end":{"line":24,"column":7}},"type":"if","locations":[{"start":{"line":21,"column":6},"end":{"line":24,"column":7}},{"start":{},"end":{}}]},"1":{"loc":{"start":{"line":37,"column":4},"end":{"line":46,"column":5}},"type":"switch","locations":[{"start":{"line":38,"column":6},"end":{"line":38,"column":43}},{"start":{"line":39,"column":6},"end":{"line":39,"column":43}},{"start":{"line":40,"column":6},"end":{"line":42,"column":14}},{"start":{"line":44,"column":6},"end":{"line":45,"column":79}}]},"2":{"loc":{"start":{"line":54,"column":4},"end":{"line":57,"column":5}},"type":"if","locations":[{"start":{"line":54,"column":4},"end":{"line":57,"column":5}},{"start":{},"end":{}}]},"3":{"loc":{"start":{"line":59,"column":22},"end":{"line":59,"column":92}},"type":"binary-expr","locations":[{"start":{"line":59,"column":22},"end":{"line":59,"column":54}},{"start":{"line":59,"column":58},"end":{"line":59,"column":92}}]}},"s":{"0":1,"1":30,"2":30,"3":30,"4":3,"5":3,"6":0,"7":0,"8":3,"9":1,"10":1,"11":2,"12":2,"13":2,"14":0,"15":2,"16":2,"17":2,"18":2,"19":0,"20":0,"21":2,"22":2,"23":2,"24":1},"f":{"0":30,"1":3,"2":2},"b":{"0":[0,3],"1":[1,2,2,0],"2":[0,2],"3":[2,1]}}
,"/home/maixnor/repo/languagebuddy/backend/src/tools/contracts.ts": {"path":"/home/maixnor/repo/languagebuddy/backend/src/tools/contracts.ts","statementMap":{"0":{"start":{"line":1,"column":0},"end":{"line":1,"column":24}},"1":{"start":{"line":4,"column":13},"end":{"line":7,"column":3}}},"fnMap":{},"branchMap":{},"s":{"0":2,"1":2},"f":{},"b":{}}
,"/home/maixnor/repo/languagebuddy/backend/src/tools/feedback-tools.ts": {"path":"/home/maixnor/repo/languagebuddy/backend/src/tools/feedback-tools.ts","statementMap":{"0":{"start":{"line":11,"column":0},"end":{"line":11,"column":16}},"1":{"start":{"line":2,"column":0},"end":{"line":2,"column":62}},"2":{"start":{"line":3,"column":0},"end":{"line":3,"column":35}},"3":{"start":{"line":5,"column":0},"end":{"line":5,"column":63}},"4":{"start":{"line":6,"column":0},"end":{"line":6,"column":61}},"5":{"start":{"line":7,"column":0},"end":{"line":7,"column":94}},"6":{"start":{"line":12,"column":2},"end":{"line":12,"column":55}},"7":{"start":{"line":17,"column":24},"end":{"line":17,"column":102}},"8":{"start":{"line":18,"column":24},"end":{"line":18,"column":101}},"9":{"start":{"line":20,"column":24},"end":{"line":20,"column":46}},"10":{"start":{"line":21,"column":24},"end":{"line":21,"column":89}},"11":{"start":{"line":21,"column":53},"end":{"line":21,"column":81}},"12":{"start":{"line":22,"column":24},"end":{"line":22,"column":89}},"13":{"start":{"line":22,"column":53},"end":{"line":22,"column":81}},"14":{"start":{"line":24,"column":2},"end":{"line":24,"column":55}},"15":{"start":{"line":24,"column":37},"end":{"line":24,"column":55}},"16":{"start":{"line":25,"column":2},"end":{"line":25,"column":55}},"17":{"start":{"line":25,"column":37},"end":{"line":25,"column":55}},"18":{"start":{"line":26,"column":2},"end":{"line":26,"column":19}},"19":{"start":{"line":30,"column":22},"end":{"line":30,"column":92}},"20":{"start":{"line":31,"column":20},"end":{"line":31,"column":44}},"21":{"start":{"line":33,"column":2},"end":{"line":35,"column":53}},"22":{"start":{"line":34,"column":4},"end":{"line":34,"column":67}},"23":{"start":{"line":34,"column":29},"end":{"line":34,"column":66}},"24":{"start":{"line":35,"column":20},"end":{"line":35,"column":35}},"25":{"start":{"line":39,"column":23},"end":{"line":39,"column":87}},"26":{"start":{"line":40,"column":25},"end":{"line":40,"column":74}},"27":{"start":{"line":41,"column":26},"end":{"line":41,"column":91}},"28":{"start":{"line":43,"column":24},"end":{"line":43,"column":46}},"29":{"start":{"line":45,"column":2},"end":{"line":45,"column":86}},"30":{"start":{"line":45,"column":35},"end":{"line":45,"column":63}},"31":{"start":{"line":45,"column":66},"end":{"line":45,"column":86}},"32":{"start":{"line":46,"column":2},"end":{"line":46,"column":84}},"33":{"start":{"line":46,"column":34},"end":{"line":46,"column":62}},"34":{"start":{"line":46,"column":65},"end":{"line":46,"column":84}},"35":{"start":{"line":47,"column":2},"end":{"line":47,"column":80}},"36":{"start":{"line":47,"column":32},"end":{"line":47,"column":60}},"37":{"start":{"line":47,"column":63},"end":{"line":47,"column":80}},"38":{"start":{"line":48,"column":2},"end":{"line":48,"column":17}},"39":{"start":{"line":51,"column":13},"end":{"line":77,"column":3}},"40":{"start":{"line":56,"column":46},"end":{"line":56,"column":51}},"41":{"start":{"line":57,"column":22},"end":{"line":57,"column":59}},"42":{"start":{"line":58,"column":4},"end":{"line":75,"column":5}},"43":{"start":{"line":59,"column":30},"end":{"line":59,"column":59}},"44":{"start":{"line":60,"column":43},"end":{"line":68,"column":8}},"45":{"start":{"line":70,"column":6},"end":{"line":70,"column":56}},"46":{"start":{"line":71,"column":6},"end":{"line":71,"column":83}},"47":{"start":{"line":73,"column":6},"end":{"line":73,"column":75}},"48":{"start":{"line":74,"column":6},"end":{"line":74,"column":65}},"49":{"start":{"line":79,"column":13},"end":{"line":81,"column":2}}},"fnMap":{"0":{"name":"initializeFeedbackTools","decl":{"start":{"line":11,"column":16},"end":{"line":11,"column":39}},"loc":{"start":{"line":11,"column":52},"end":{"line":13,"column":1}}},"1":{"name":"analyzeSentiment","decl":{"start":{"line":16,"column":15},"end":{"line":16,"column":31}},"loc":{"start":{"line":16,"column":48},"end":{"line":27,"column":1}}},"2":{"name":"(anonymous_2)","decl":{"start":{"line":21,"column":45},"end":{"line":21,"column":49}},"loc":{"start":{"line":21,"column":53},"end":{"line":21,"column":81}}},"3":{"name":"(anonymous_3)","decl":{"start":{"line":22,"column":45},"end":{"line":22,"column":49}},"loc":{"start":{"line":22,"column":53},"end":{"line":22,"column":81}}},"4":{"name":"extractActionItems","decl":{"start":{"line":29,"column":15},"end":{"line":29,"column":33}},"loc":{"start":{"line":29,"column":50},"end":{"line":36,"column":1}}},"5":{"name":"(anonymous_5)","decl":{"start":{"line":33,"column":26},"end":{"line":33,"column":34}},"loc":{"start":{"line":34,"column":4},"end":{"line":34,"column":67}}},"6":{"name":"(anonymous_6)","decl":{"start":{"line":34,"column":21},"end":{"line":34,"column":25}},"loc":{"start":{"line":34,"column":29},"end":{"line":34,"column":66}}},"7":{"name":"(anonymous_7)","decl":{"start":{"line":35,"column":8},"end":{"line":35,"column":16}},"loc":{"start":{"line":35,"column":20},"end":{"line":35,"column":35}}},"8":{"name":"categorizeFeedback","decl":{"start":{"line":38,"column":15},"end":{"line":38,"column":33}},"loc":{"start":{"line":38,"column":50},"end":{"line":49,"column":1}}},"9":{"name":"(anonymous_9)","decl":{"start":{"line":45,"column":27},"end":{"line":45,"column":31}},"loc":{"start":{"line":45,"column":35},"end":{"line":45,"column":63}}},"10":{"name":"(anonymous_10)","decl":{"start":{"line":46,"column":26},"end":{"line":46,"column":30}},"loc":{"start":{"line":46,"column":34},"end":{"line":46,"column":62}}},"11":{"name":"(anonymous_11)","decl":{"start":{"line":47,"column":24},"end":{"line":47,"column":28}},"loc":{"start":{"line":47,"column":32},"end":{"line":47,"column":60}}},"12":{"name":"(anonymous_12)","decl":{"start":{"line":55,"column":8},"end":{"line":55,"column":13}},"loc":{"start":{"line":55,"column":46},"end":{"line":76,"column":3}}}},"branchMap":{"0":{"loc":{"start":{"line":24,"column":2},"end":{"line":24,"column":55}},"type":"if","locations":[{"start":{"line":24,"column":2},"end":{"line":24,"column":55}},{"start":{},"end":{}}]},"1":{"loc":{"start":{"line":25,"column":2},"end":{"line":25,"column":55}},"type":"if","locations":[{"start":{"line":25,"column":2},"end":{"line":25,"column":55}},{"start":{},"end":{}}]},"2":{"loc":{"start":{"line":45,"column":2},"end":{"line":45,"column":86}},"type":"if","locations":[{"start":{"line":45,"column":2},"end":{"line":45,"column":86}},{"start":{},"end":{}}]},"3":{"loc":{"start":{"line":46,"column":2},"end":{"line":46,"column":84}},"type":"if","locations":[{"start":{"line":46,"column":2},"end":{"line":46,"column":84}},{"start":{},"end":{}}]},"4":{"loc":{"start":{"line":47,"column":2},"end":{"line":47,"column":80}},"type":"if","locations":[{"start":{"line":47,"column":2},"end":{"line":47,"column":80}},{"start":{},"end":{}}]}},"s":{"0":2,"1":2,"2":2,"3":2,"4":2,"5":2,"6":9,"7":0,"8":0,"9":0,"10":0,"11":0,"12":0,"13":0,"14":0,"15":0,"16":0,"17":0,"18":0,"19":0,"20":0,"21":0,"22":0,"23":0,"24":0,"25":0,"26":0,"27":0,"28":0,"29":0,"30":0,"31":0,"32":0,"33":0,"34":0,"35":0,"36":0,"37":0,"38":0,"39":2,"40":0,"41":0,"42":0,"43":0,"44":0,"45":0,"46":0,"47":0,"48":0,"49":2},"f":{"0":9,"1":0,"2":0,"3":0,"4":0,"5":0,"6":0,"7":0,"8":0,"9":0,"10":0,"11":0,"12":0},"b":{"0":[0,0],"1":[0,0],"2":[0,0],"3":[0,0],"4":[0,0]}}
,"/home/maixnor/repo/languagebuddy/backend/src/util/message-formatters.ts": {"path":"/home/maixnor/repo/languagebuddy/backend/src/util/message-formatters.ts","statementMap":{"0":{"start":{"line":6,"column":0},"end":{"line":6,"column":16}},"1":{"start":{"line":52,"column":0},"end":{"line":52,"column":16}},"2":{"start":{"line":65,"column":0},"end":{"line":65,"column":16}},"3":{"start":{"line":7,"column":13},"end":{"line":7,"column":21}},"4":{"start":{"line":10,"column":2},"end":{"line":10,"column":76}},"5":{"start":{"line":10,"column":43},"end":{"line":10,"column":74}},"6":{"start":{"line":13,"column":2},"end":{"line":13,"column":47}},"7":{"start":{"line":16,"column":2},"end":{"line":16,"column":62}},"8":{"start":{"line":17,"column":2},"end":{"line":17,"column":58}},"9":{"start":{"line":20,"column":2},"end":{"line":20,"column":62}},"10":{"start":{"line":24,"column":2},"end":{"line":24,"column":49}},"11":{"start":{"line":25,"column":2},"end":{"line":25,"column":56}},"12":{"start":{"line":28,"column":2},"end":{"line":28,"column":38}},"13":{"start":{"line":29,"column":2},"end":{"line":29,"column":40}},"14":{"start":{"line":32,"column":2},"end":{"line":32,"column":55}},"15":{"start":{"line":33,"column":2},"end":{"line":33,"column":59}},"16":{"start":{"line":36,"column":2},"end":{"line":36,"column":47}},"17":{"start":{"line":37,"column":2},"end":{"line":37,"column":54}},"18":{"start":{"line":38,"column":2},"end":{"line":38,"column":41}},"19":{"start":{"line":41,"column":2},"end":{"line":41,"column":95}},"20":{"start":{"line":41,"column":65},"end":{"line":41,"column":93}},"21":{"start":{"line":43,"column":2},"end":{"line":43,"column":21}},"22":{"start":{"line":53,"column":16},"end":{"line":53,"column":40}},"23":{"start":{"line":54,"column":2},"end":{"line":56,"column":37}},"24":{"start":{"line":55,"column":17},"end":{"line":55,"column":28}},"25":{"start":{"line":56,"column":20},"end":{"line":56,"column":35}},"26":{"start":{"line":66,"column":23},"end":{"line":66,"column":51}},"27":{"start":{"line":67,"column":2},"end":{"line":67,"column":58}}},"fnMap":{"0":{"name":"markdownToWhatsApp","decl":{"start":{"line":6,"column":16},"end":{"line":6,"column":34}},"loc":{"start":{"line":6,"column":51},"end":{"line":44,"column":1}}},"1":{"name":"(anonymous_1)","decl":{"start":{"line":10,"column":32},"end":{"line":10,"column":33}},"loc":{"start":{"line":10,"column":43},"end":{"line":10,"column":74}}},"2":{"name":"(anonymous_2)","decl":{"start":{"line":41,"column":46},"end":{"line":41,"column":47}},"loc":{"start":{"line":41,"column":65},"end":{"line":41,"column":93}}},"3":{"name":"splitMessageBySeparator","decl":{"start":{"line":52,"column":16},"end":{"line":52,"column":39}},"loc":{"start":{"line":52,"column":82},"end":{"line":57,"column":1}}},"4":{"name":"(anonymous_4)","decl":{"start":{"line":55,"column":9},"end":{"line":55,"column":13}},"loc":{"start":{"line":55,"column":17},"end":{"line":55,"column":28}}},"5":{"name":"(anonymous_5)","decl":{"start":{"line":56,"column":12},"end":{"line":56,"column":16}},"loc":{"start":{"line":56,"column":20},"end":{"line":56,"column":35}}},"6":{"name":"processMarkdownForWhatsApp","decl":{"start":{"line":65,"column":16},"end":{"line":65,"column":42}},"loc":{"start":{"line":65,"column":86},"end":{"line":68,"column":1}}}},"branchMap":{"0":{"loc":{"start":{"line":52,"column":57},"end":{"line":52,"column":82}},"type":"default-arg","locations":[{"start":{"line":52,"column":77},"end":{"line":52,"column":82}}]},"1":{"loc":{"start":{"line":65,"column":61},"end":{"line":65,"column":86}},"type":"default-arg","locations":[{"start":{"line":65,"column":81},"end":{"line":65,"column":86}}]}},"s":{"0":5,"1":5,"2":5,"3":20,"4":20,"5":7,"6":20,"7":20,"8":20,"9":20,"10":20,"11":20,"12":20,"13":20,"14":20,"15":20,"16":20,"17":20,"18":20,"19":20,"20":7,"21":20,"22":8,"23":8,"24":20,"25":20,"26":2,"27":2},"f":{"0":20,"1":7,"2":7,"3":8,"4":20,"5":20,"6":2},"b":{"0":[3],"1":[2]}}
,"/home/maixnor/repo/languagebuddy/backend/src/util/profile-reflection.ts": {"path":"/home/maixnor/repo/languagebuddy/backend/src/util/profile-reflection.ts","statementMap":{"0":{"start":{"line":2,"column":0},"end":{"line":2,"column":16}},"1":{"start":{"line":3,"column":28},"end":{"line":3,"column":30}},"2":{"start":{"line":4,"column":2},"end":{"line":30,"column":3}},"3":{"start":{"line":5,"column":18},"end":{"line":5,"column":30}},"4":{"start":{"line":6,"column":4},"end":{"line":13,"column":5}},"5":{"start":{"line":12,"column":6},"end":{"line":12,"column":24}},"6":{"start":{"line":15,"column":4},"end":{"line":29,"column":5}},"7":{"start":{"line":16,"column":6},"end":{"line":28,"column":9}},"8":{"start":{"line":17,"column":8},"end":{"line":27,"column":9}},"9":{"start":{"line":18,"column":10},"end":{"line":26,"column":11}},"10":{"start":{"line":19,"column":12},"end":{"line":25,"column":13}},"11":{"start":{"line":24,"column":14},"end":{"line":24,"column":47}},"12":{"start":{"line":31,"column":2},"end":{"line":31,"column":17}}},"fnMap":{"0":{"name":"getMissingProfileFieldsReflective","decl":{"start":{"line":2,"column":16},"end":{"line":2,"column":49}},"loc":{"start":{"line":2,"column":78},"end":{"line":32,"column":1}}},"1":{"name":"(anonymous_1)","decl":{"start":{"line":16,"column":20},"end":{"line":16,"column":21}},"loc":{"start":{"line":16,"column":34},"end":{"line":28,"column":7}}}},"branchMap":{"0":{"loc":{"start":{"line":6,"column":4},"end":{"line":13,"column":5}},"type":"if","locations":[{"start":{"line":6,"column":4},"end":{"line":13,"column":5}},{"start":{},"end":{}}]},"1":{"loc":{"start":{"line":7,"column":6},"end":{"line":10,"column":50}},"type":"binary-expr","locations":[{"start":{"line":7,"column":6},"end":{"line":7,"column":25}},{"start":{"line":8,"column":6},"end":{"line":8,"column":20}},{"start":{"line":9,"column":7},"end":{"line":9,"column":32}},{"start":{"line":9,"column":36},"end":{"line":9,"column":55}},{"start":{"line":10,"column":7},"end":{"line":10,"column":27}},{"start":{"line":10,"column":31},"end":{"line":10,"column":49}}]},"2":{"loc":{"start":{"line":15,"column":4},"end":{"line":29,"column":5}},"type":"if","locations":[{"start":{"line":15,"column":4},"end":{"line":29,"column":5}},{"start":{},"end":{}}]},"3":{"loc":{"start":{"line":17,"column":8},"end":{"line":27,"column":9}},"type":"if","locations":[{"start":{"line":17,"column":8},"end":{"line":27,"column":9}},{"start":{},"end":{}}]},"4":{"loc":{"start":{"line":17,"column":12},"end":{"line":17,"column":44}},"type":"binary-expr","locations":[{"start":{"line":17,"column":12},"end":{"line":17,"column":16}},{"start":{"line":17,"column":20},"end":{"line":17,"column":44}}]},"5":{"loc":{"start":{"line":19,"column":12},"end":{"line":25,"column":13}},"type":"if","locations":[{"start":{"line":19,"column":12},"end":{"line":25,"column":13}},{"start":{},"end":{}}]},"6":{"loc":{"start":{"line":20,"column":14},"end":{"line":22,"column":78}},"type":"binary-expr","locations":[{"start":{"line":20,"column":14},"end":{"line":20,"column":40}},{"start":{"line":21,"column":14},"end":{"line":21,"column":35}},{"start":{"line":22,"column":15},"end":{"line":22,"column":47}},{"start":{"line":22,"column":51},"end":{"line":22,"column":77}}]}},"s":{"0":9,"1":123,"2":123,"3":395,"4":395,"5":200,"6":395,"7":246,"8":48,"9":48,"10":405,"11":0,"12":123},"f":{"0":123,"1":48},"b":{"0":[200,195],"1":[395,394,394,147,394,246],"2":[246,149],"3":[48,0],"4":[48,48],"5":[0,405],"6":[405,405,405,120]}}
}
