TN:
SF:src/agents/language-buddy-agent.ts
FN:24,(anonymous_0)
FN:43,(anonymous_1)
FN:60,(anonymous_2)
FN:82,(anonymous_3)
FN:90,(anonymous_4)
FN:105,(anonymous_5)
FNF:6
FNH:1
FNDA:13,(anonymous_0)
FNDA:0,(anonymous_1)
FNDA:0,(anonymous_2)
FNDA:0,(anonymous_3)
FNDA:0,(anonymous_4)
FNDA:0,(anonymous_5)
DA:1,2
DA:4,2
DA:5,2
DA:6,2
DA:11,2
DA:18,2
DA:20,2
DA:25,13
DA:28,13
DA:37,13
DA:44,0
DA:45,0
DA:46,0
DA:47,0
DA:52,0
DA:53,0
DA:55,0
DA:56,0
DA:61,0
DA:62,0
DA:63,0
DA:65,0
DA:66,0
DA:67,0
DA:70,0
DA:72,0
DA:73,0
DA:78,0
DA:79,0
DA:83,0
DA:84,0
DA:86,0
DA:91,0
DA:92,0
DA:93,0
DA:94,0
DA:95,0
DA:97,0
DA:99,0
DA:100,0
DA:107,0
DA:108,0
DA:109,0
DA:113,0
DA:115,0
DA:116,0
LF:46
LH:10
BRDA:48,0,0,0
BRDA:48,0,1,0
BRDA:53,1,0,0
BRDA:53,1,1,0
BRDA:61,2,0,0
BRDA:61,2,1,0
BRDA:65,3,0,0
BRDA:65,3,1,0
BRDA:79,4,0,0
BRDA:79,4,1,0
BRDA:93,5,0,0
BRDA:93,5,1,0
BRDA:113,6,0,0
BRDA:113,6,1,0
BRF:14
BRH:0
end_of_record
TN:
SF:src/config/index.ts
FN:5,(anonymous_1)
FN:9,(anonymous_2)
FN:38,(anonymous_3)
FN:42,(anonymous_4)
FN:46,(anonymous_5)
FN:112,(anonymous_6)
FNF:6
FNH:4
FNDA:12,(anonymous_1)
FNDA:376,(anonymous_2)
FNDA:0,(anonymous_3)
FNDA:0,(anonymous_4)
FNDA:4,(anonymous_5)
FNDA:134,(anonymous_6)
DA:1,12
DA:2,12
DA:5,12
DA:6,12
DA:9,376
DA:13,12
DA:15,12
DA:16,12
DA:29,0
DA:36,12
DA:38,12
DA:39,0
DA:42,12
DA:43,0
DA:46,12
DA:109,12
DA:111,12
DA:113,134
DA:114,4
DA:116,134
LF:20
LH:17
BRDA:7,0,0,12
BRDA:7,0,1,12
BRDA:15,1,0,12
BRDA:15,1,1,0
BRDA:67,2,0,4
BRDA:67,2,1,0
BRDA:68,3,0,4
BRDA:68,3,1,0
BRDA:104,4,0,4
BRDA:104,4,1,0
BRDA:113,5,0,4
BRDA:113,5,1,130
BRF:12
BRH:8
end_of_record
TN:
SF:src/core/messaging/whatsapp/index.ts
FNF:0
FNH:0
DA:1,3
DA:2,3
DA:3,3
LF:3
LH:3
BRF:0
BRH:0
end_of_record
TN:
SF:src/core/messaging/whatsapp/whatsapp-deduplication.service.ts
FN:11,(anonymous_0)
FN:15,(anonymous_1)
FN:26,(anonymous_2)
FN:37,(anonymous_3)
FNF:4
FNH:4
FNDA:4,(anonymous_0)
FNDA:2,(anonymous_1)
FNDA:2,(anonymous_2)
FNDA:4,(anonymous_3)
DA:2,4
DA:4,4
DA:5,4
DA:7,4
DA:12,4
DA:16,2
DA:17,2
DA:18,2
DA:19,1
DA:20,1
DA:22,1
DA:23,1
DA:27,2
DA:28,2
DA:29,2
DA:30,1
DA:31,1
DA:33,1
DA:34,1
DA:38,4
DA:39,4
DA:40,0
DA:42,4
DA:44,4
LF:24
LH:23
BRDA:18,0,0,1
BRDA:18,0,1,1
BRDA:29,1,0,1
BRDA:29,1,1,1
BRDA:38,2,0,4
BRDA:38,2,1,0
BRDA:39,3,0,0
BRDA:39,3,1,4
BRF:8
BRH:6
end_of_record
TN:
SF:src/core/messaging/whatsapp/whatsapp.service.ts
FN:11,(anonymous_0)
FN:16,(anonymous_1)
FN:23,(anonymous_2)
FN:40,(anonymous_3)
FN:95,(anonymous_4)
FN:125,(anonymous_5)
FN:181,(anonymous_6)
FN:219,(anonymous_7)
FN:232,(anonymous_8)
FN:258,(anonymous_9)
FN:270,(anonymous_10)
FN:274,(anonymous_11)
FNF:12
FNH:9
FNDA:11,(anonymous_0)
FNDA:19,(anonymous_1)
FNDA:9,(anonymous_2)
FNDA:9,(anonymous_3)
FNDA:1,(anonymous_4)
FNDA:0,(anonymous_5)
FNDA:2,(anonymous_6)
FNDA:2,(anonymous_7)
FNDA:0,(anonymous_8)
FNDA:0,(anonymous_9)
FNDA:2,(anonymous_10)
FNDA:2,(anonymous_11)
DA:1,4
DA:2,4
DA:5,4
DA:7,11
DA:8,11
DA:9,11
DA:13,11
DA:17,19
DA:18,11
DA:20,19
DA:24,9
DA:25,1
DA:26,1
DA:27,1
DA:28,1
DA:30,8
DA:31,8
DA:33,8
DA:34,1
DA:36,7
DA:41,9
DA:42,1
DA:43,1
DA:46,8
DA:47,1
DA:51,7
DA:57,7
DA:58,0
DA:61,7
DA:62,7
DA:74,6
DA:75,2
DA:76,2
DA:85,2
DA:88,4
DA:90,1
DA:91,1
DA:96,1
DA:97,1
DA:99,1
DA:112,1
DA:113,0
DA:114,0
DA:117,1
DA:118,1
DA:120,0
DA:121,0
DA:126,0
DA:127,0
DA:128,0
DA:132,0
DA:133,0
DA:136,0
DA:137,0
DA:153,0
DA:154,0
DA:155,0
DA:164,0
DA:166,0
DA:168,0
DA:169,0
DA:188,2
DA:189,2
DA:191,2
DA:192,0
DA:193,0
DA:197,2
DA:198,2
DA:199,2
DA:201,2
DA:202,4
DA:204,4
DA:209,4
DA:211,4
DA:212,3
DA:214,1
DA:218,4
DA:219,2
DA:222,0
DA:223,0
DA:224,0
DA:228,2
DA:229,2
DA:237,0
DA:238,0
DA:239,0
DA:241,0
DA:242,0
DA:245,0
DA:253,0
DA:254,0
DA:255,0
DA:258,0
DA:260,0
DA:261,0
DA:262,0
DA:266,0
DA:267,0
DA:271,2
DA:275,2
LF:100
LH:61
BRDA:13,0,0,11
BRDA:13,0,1,11
BRDA:17,1,0,11
BRDA:17,1,1,8
BRDA:24,2,0,1
BRDA:24,2,1,8
BRDA:24,3,0,9
BRDA:24,3,1,8
BRDA:33,4,0,1
BRDA:33,4,1,7
BRDA:41,5,0,1
BRDA:41,5,1,8
BRDA:41,6,0,9
BRDA:41,6,1,8
BRDA:46,7,0,1
BRDA:46,7,1,7
BRDA:57,8,0,0
BRDA:57,8,1,7
BRDA:74,9,0,2
BRDA:74,9,1,4
BRDA:112,10,0,0
BRDA:112,10,1,1
BRDA:126,11,0,0
BRDA:126,11,1,0
BRDA:126,12,0,0
BRDA:126,12,1,0
BRDA:132,13,0,0
BRDA:132,13,1,0
BRDA:153,14,0,0
BRDA:153,14,1,0
BRDA:184,15,0,2
BRDA:191,16,0,0
BRDA:191,16,1,2
BRDA:207,17,0,2
BRDA:207,17,1,2
BRDA:211,18,0,3
BRDA:211,18,1,1
BRDA:218,19,0,2
BRDA:218,19,1,2
BRDA:271,20,0,2
BRDA:271,20,1,1
BRF:41
BRH:30
end_of_record
TN:
SF:src/features/digest/digest.contracts.ts
FNF:0
FNH:0
DA:1,6
DA:3,6
LF:2
LH:2
BRF:0
BRH:0
end_of_record
TN:
SF:src/features/digest/digest.service.ts
FN:16,(anonymous_0)
FN:22,(anonymous_1)
FN:35,(anonymous_2)
FN:44,(anonymous_3)
FN:106,(anonymous_4)
FN:150,(anonymous_5)
FN:173,(anonymous_6)
FN:203,(anonymous_7)
FN:207,(anonymous_8)
FN:252,(anonymous_9)
FN:261,(anonymous_10)
FN:262,(anonymous_11)
FN:468,(anonymous_12)
FN:469,(anonymous_13)
FN:485,(anonymous_14)
FN:486,(anonymous_15)
FN:487,(anonymous_16)
FN:512,(anonymous_17)
FN:514,(anonymous_18)
FN:524,(anonymous_19)
FN:582,(anonymous_20)
FN:584,(anonymous_21)
FN:594,(anonymous_22)
FN:595,(anonymous_23)
FN:630,(anonymous_24)
FN:632,(anonymous_25)
FN:636,(anonymous_26)
FN:650,(anonymous_27)
FN:699,(anonymous_28)
FN:716,(anonymous_29)
FN:749,(anonymous_30)
FN:757,(anonymous_31)
FN:804,(anonymous_32)
FN:823,(anonymous_33)
FNF:34
FNH:29
FNDA:9,(anonymous_0)
FNDA:21,(anonymous_1)
FNDA:10,(anonymous_2)
FNDA:10,(anonymous_3)
FNDA:10,(anonymous_4)
FNDA:78,(anonymous_5)
FNDA:0,(anonymous_6)
FNDA:78,(anonymous_7)
FNDA:78,(anonymous_8)
FNDA:8,(anonymous_9)
FNDA:77,(anonymous_10)
FNDA:77,(anonymous_11)
FNDA:0,(anonymous_12)
FNDA:0,(anonymous_13)
FNDA:8,(anonymous_14)
FNDA:8,(anonymous_15)
FNDA:8,(anonymous_16)
FNDA:8,(anonymous_17)
FNDA:77,(anonymous_18)
FNDA:20,(anonymous_19)
FNDA:9,(anonymous_20)
FNDA:13,(anonymous_21)
FNDA:17,(anonymous_22)
FNDA:16,(anonymous_23)
FNDA:8,(anonymous_24)
FNDA:8,(anonymous_25)
FNDA:4,(anonymous_26)
FNDA:8,(anonymous_27)
FNDA:2,(anonymous_28)
FNDA:2,(anonymous_29)
FNDA:1,(anonymous_30)
FNDA:2,(anonymous_31)
FNDA:0,(anonymous_32)
FNDA:0,(anonymous_33)
DA:2,6
DA:5,6
DA:8,6
DA:10,6
DA:17,9
DA:18,9
DA:19,9
DA:23,21
DA:24,9
DA:25,0
DA:27,9
DA:29,21
DA:36,10
DA:37,10
DA:39,10
DA:40,10
DA:44,10
DA:50,10
DA:52,10
DA:53,2
DA:60,2
DA:64,8
DA:65,8
DA:66,0
DA:73,0
DA:76,8
DA:88,8
DA:90,0
DA:99,0
DA:107,10
DA:109,10
DA:110,10
DA:112,10
DA:113,1
DA:121,1
DA:125,9
DA:128,9
DA:129,0
DA:135,0
DA:138,9
DA:147,9
DA:148,9
DA:150,9
DA:152,78
DA:153,78
DA:154,0
DA:155,0
DA:156,0
DA:157,0
DA:158,0
DA:159,0
DA:160,0
DA:165,78
DA:166,78
DA:167,78
DA:168,0
DA:169,0
DA:170,0
DA:171,0
DA:173,0
DA:174,0
DA:179,78
DA:186,78
DA:187,78
DA:189,78
DA:199,78
DA:202,9
DA:203,78
DA:207,78
DA:209,9
DA:225,9
DA:226,0
DA:234,9
DA:236,0
DA:245,0
DA:253,8
DA:254,8
DA:256,8
DA:261,77
DA:262,77
DA:268,8
DA:269,8
DA:288,8
DA:298,8
DA:301,8
DA:303,8
DA:305,8
DA:313,8
DA:318,8
DA:321,8
DA:337,8
DA:338,0
DA:347,0
DA:351,8
DA:352,8
DA:354,8
DA:355,0
DA:363,0
DA:367,8
DA:372,8
DA:376,8
DA:379,8
DA:383,8
DA:385,8
DA:386,0
DA:398,0
DA:401,8
DA:414,8
DA:439,8
DA:458,8
DA:461,0
DA:468,0
DA:469,0
DA:478,0
DA:486,8
DA:487,8
DA:489,8
DA:513,8
DA:515,77
DA:516,77
DA:525,20
DA:527,20
DA:529,20
DA:531,4
DA:540,4
DA:544,16
DA:545,16
DA:546,0
DA:550,0
DA:553,16
DA:556,16
DA:565,16
DA:566,16
DA:567,16
DA:569,16
DA:570,16
DA:574,16
DA:581,16
DA:582,7
DA:584,9
DA:585,13
DA:586,13
DA:589,13
DA:590,4
DA:594,17
DA:595,16
DA:598,9
DA:599,9
DA:601,9
DA:602,17
DA:603,30
DA:604,2
DA:605,2
DA:606,2
DA:613,9
DA:616,9
DA:617,6
DA:618,6
DA:624,3
DA:629,16
DA:632,8
DA:633,8
DA:636,4
DA:647,16
DA:650,16
DA:651,16
DA:655,16
DA:657,16
DA:665,16
DA:669,16
DA:671,16
DA:684,4
DA:692,4
DA:700,2
DA:702,2
DA:703,2
DA:704,2
DA:705,0
DA:712,0
DA:715,2
DA:716,2
DA:719,2
DA:730,2
DA:733,0
DA:742,0
DA:750,1
DA:752,1
DA:753,1
DA:754,1
DA:755,1
DA:757,1
DA:758,2
DA:759,2
DA:760,2
DA:761,0
DA:763,2
DA:768,1
DA:770,1
DA:782,1
DA:785,0
DA:794,0
DA:805,0
DA:807,0
DA:808,0
DA:809,0
DA:810,0
DA:815,0
DA:818,0
DA:819,0
DA:820,0
DA:822,0
DA:823,0
DA:824,0
DA:825,0
DA:828,0
DA:830,0
DA:831,0
DA:838,0
DA:849,0
DA:859,0
DA:862,0
DA:871,0
LF:222
LH:159
BRDA:23,0,0,9
BRDA:23,0,1,12
BRDA:24,1,0,0
BRDA:24,1,1,9
BRDA:24,2,0,9
BRDA:24,2,1,9
BRDA:24,2,2,9
BRDA:46,3,0,10
BRDA:46,3,1,9
BRDA:52,4,0,2
BRDA:52,4,1,8
BRDA:52,5,0,10
BRDA:52,5,1,10
BRDA:57,6,0,2
BRDA:57,6,1,1
BRDA:65,7,0,0
BRDA:65,7,1,8
BRDA:85,8,0,8
BRDA:85,8,1,7
BRDA:96,9,0,0
BRDA:96,9,1,0
BRDA:97,10,0,0
BRDA:97,10,1,0
BRDA:112,11,0,1
BRDA:112,11,1,9
BRDA:112,12,0,10
BRDA:112,12,1,9
BRDA:112,12,2,9
BRDA:125,13,0,9
BRDA:125,13,1,0
BRDA:128,14,0,0
BRDA:128,14,1,9
BRDA:153,15,0,0
BRDA:153,15,1,78
BRDA:153,16,0,78
BRDA:153,16,1,0
BRDA:153,16,2,0
BRDA:155,17,0,0
BRDA:155,17,1,0
BRDA:157,18,0,0
BRDA:157,18,1,0
BRDA:159,19,0,0
BRDA:159,19,1,0
BRDA:166,20,0,78
BRDA:166,20,1,0
BRDA:168,21,0,0
BRDA:168,21,1,0
BRDA:169,22,0,0
BRDA:169,22,1,0
BRDA:171,23,0,0
BRDA:171,23,1,0
BRDA:174,24,0,0
BRDA:174,24,1,0
BRDA:174,25,0,0
BRDA:174,25,1,0
BRDA:181,26,0,78
BRDA:181,26,1,0
BRDA:182,27,0,78
BRDA:182,27,1,78
BRDA:186,28,0,78
BRDA:186,28,1,9
BRDA:202,29,0,9
BRDA:202,29,1,0
BRDA:207,30,0,78
BRDA:207,30,1,78
BRDA:220,31,0,9
BRDA:220,31,1,0
BRDA:221,32,0,9
BRDA:221,32,1,0
BRDA:225,33,0,0
BRDA:225,33,1,9
BRDA:240,34,0,0
BRDA:240,34,1,0
BRDA:241,35,0,0
BRDA:241,35,1,0
BRDA:242,36,0,0
BRDA:242,36,1,0
BRDA:265,37,0,8
BRDA:265,37,1,0
BRDA:270,38,0,8
BRDA:270,38,1,0
BRDA:328,39,0,8
BRDA:328,39,1,0
BRDA:337,40,0,0
BRDA:337,40,1,8
BRDA:337,41,0,8
BRDA:337,41,1,8
BRDA:337,41,2,8
BRDA:354,42,0,0
BRDA:354,42,1,8
BRDA:354,43,0,8
BRDA:354,43,1,8
BRDA:367,44,0,8
BRDA:367,44,1,0
BRDA:367,44,2,0
BRDA:367,44,3,0
BRDA:367,45,0,8
BRDA:367,45,1,0
BRDA:368,46,0,0
BRDA:368,46,1,0
BRDA:369,47,0,0
BRDA:369,47,1,0
BRDA:370,48,0,0
BRDA:370,48,1,0
BRDA:372,49,0,8
BRDA:372,49,1,1
BRDA:372,49,2,1
BRDA:372,50,0,8
BRDA:372,50,1,1
BRDA:373,51,0,1
BRDA:373,51,1,1
BRDA:374,52,0,1
BRDA:374,52,1,1
BRDA:376,53,0,8
BRDA:376,53,1,1
BRDA:376,54,0,8
BRDA:376,54,1,1
BRDA:377,55,0,1
BRDA:377,55,1,1
BRDA:379,56,0,8
BRDA:379,56,1,6
BRDA:379,56,2,6
BRDA:379,57,0,8
BRDA:379,57,1,6
BRDA:380,58,0,6
BRDA:380,58,1,6
BRDA:381,59,0,6
BRDA:381,59,1,5
BRDA:383,60,0,8
BRDA:383,60,1,0
BRDA:383,60,2,0
BRDA:383,60,3,0
BRDA:383,60,4,0
BRDA:385,61,0,0
BRDA:385,61,1,8
BRDA:405,62,0,8
BRDA:405,62,1,0
BRDA:408,63,0,8
BRDA:408,63,1,0
BRDA:409,64,0,8
BRDA:409,64,1,0
BRDA:410,65,0,8
BRDA:410,65,1,7
BRDA:411,66,0,8
BRDA:411,66,1,0
BRDA:470,67,0,0
BRDA:470,67,1,0
BRDA:471,68,0,0
BRDA:471,68,1,0
BRDA:472,69,0,0
BRDA:472,69,1,0
BRDA:474,70,0,0
BRDA:474,70,1,0
BRDA:486,71,0,8
BRDA:486,71,1,0
BRDA:487,72,0,8
BRDA:487,72,1,0
BRDA:495,73,0,8
BRDA:495,73,1,0
BRDA:515,74,0,0
BRDA:515,74,1,77
BRDA:529,75,0,4
BRDA:529,75,1,16
BRDA:529,76,0,20
BRDA:529,76,1,20
BRDA:529,76,2,19
BRDA:529,76,3,18
BRDA:529,76,4,17
BRDA:537,77,0,4
BRDA:537,77,1,2
BRDA:538,78,0,4
BRDA:538,78,1,2
BRDA:545,79,0,0
BRDA:545,79,1,16
BRDA:553,80,0,16
BRDA:553,80,1,15
BRDA:560,81,0,16
BRDA:560,81,1,0
BRDA:569,82,0,16
BRDA:569,82,1,0
BRDA:569,83,0,16
BRDA:569,83,1,16
BRDA:575,84,0,16
BRDA:575,84,1,0
BRDA:576,85,0,16
BRDA:576,85,1,0
BRDA:577,86,0,16
BRDA:577,86,1,0
BRDA:581,87,0,7
BRDA:581,87,1,9
BRDA:581,88,0,16
BRDA:581,88,1,16
BRDA:589,89,0,4
BRDA:589,89,1,9
BRDA:589,90,0,13
BRDA:589,90,1,9
BRDA:603,91,0,2
BRDA:603,91,1,28
BRDA:603,92,0,30
BRDA:603,92,1,29
BRDA:603,92,2,29
BRDA:605,93,0,2
BRDA:605,93,1,0
BRDA:605,94,0,2
BRDA:605,94,1,0
BRDA:613,95,0,9
BRDA:613,95,1,7
BRDA:616,96,0,6
BRDA:616,96,1,3
BRDA:621,97,0,6
BRDA:621,97,1,5
BRDA:652,98,0,16
BRDA:652,98,1,0
BRDA:659,99,0,16
BRDA:659,99,1,0
BRDA:662,100,0,16
BRDA:662,100,1,8
BRDA:688,101,0,4
BRDA:688,101,1,0
BRDA:689,102,0,4
BRDA:689,102,1,0
BRDA:699,103,0,0
BRDA:704,104,0,0
BRDA:704,104,1,2
BRDA:704,105,0,2
BRDA:704,105,1,2
BRDA:738,106,0,0
BRDA:738,106,1,0
BRDA:739,107,0,0
BRDA:739,107,1,0
BRDA:749,108,0,0
BRDA:758,109,0,2
BRDA:758,109,1,0
BRDA:760,110,0,0
BRDA:760,110,1,2
BRDA:790,111,0,0
BRDA:790,111,1,0
BRDA:791,112,0,0
BRDA:791,112,1,0
BRDA:804,113,0,0
BRDA:809,114,0,0
BRDA:809,114,1,0
BRDA:818,115,0,0
BRDA:818,115,1,0
BRDA:830,116,0,0
BRDA:830,116,1,0
BRDA:867,117,0,0
BRDA:867,117,1,0
BRDA:868,118,0,0
BRDA:868,118,1,0
BRF:250
BRH:139
end_of_record
TN:
SF:src/features/onboarding/onboarding.service.ts
FN:9,(anonymous_0)
FN:13,(anonymous_1)
FN:23,(anonymous_2)
FN:34,(anonymous_3)
FN:44,(anonymous_4)
FN:48,(anonymous_5)
FN:56,(anonymous_6)
FNF:7
FNH:7
FNDA:1,(anonymous_0)
FNDA:4,(anonymous_1)
FNDA:4,(anonymous_2)
FNDA:5,(anonymous_3)
FNDA:14,(anonymous_4)
FNDA:32,(anonymous_5)
FNDA:11,(anonymous_6)
DA:2,1
DA:5,1
DA:10,1
DA:14,4
DA:15,1
DA:16,0
DA:18,1
DA:20,4
DA:24,4
DA:30,4
DA:31,4
DA:35,5
DA:36,5
DA:37,5
DA:39,0
DA:40,0
DA:45,14
DA:49,32
DA:50,32
DA:51,1
DA:53,31
DA:57,11
DA:58,11
DA:59,0
DA:60,0
DA:63,11
DA:72,11
DA:73,11
LF:28
LH:23
BRDA:14,0,0,1
BRDA:14,0,1,3
BRDA:15,1,0,0
BRDA:15,1,1,1
BRDA:50,2,0,1
BRDA:50,2,1,31
BRDA:58,3,0,0
BRDA:58,3,1,11
BRF:8
BRH:6
end_of_record
TN:
SF:src/features/scheduling/scheduler.service.ts
FN:16,(anonymous_9)
FN:26,(anonymous_10)
FN:39,(anonymous_11)
FN:43,(anonymous_12)
FN:53,(anonymous_13)
FN:55,(anonymous_14)
FN:71,(anonymous_15)
FN:119,(anonymous_16)
FN:224,(anonymous_17)
FN:254,(anonymous_18)
FN:277,(anonymous_19)
FN:279,(anonymous_20)
FN:280,(anonymous_21)
FN:286,(anonymous_22)
FN:291,(anonymous_23)
FNF:15
FNH:9
FNDA:10,(anonymous_9)
FNDA:10,(anonymous_10)
FNDA:0,(anonymous_11)
FNDA:10,(anonymous_12)
FNDA:0,(anonymous_13)
FNDA:0,(anonymous_14)
FNDA:1,(anonymous_15)
FNDA:0,(anonymous_16)
FNDA:3,(anonymous_17)
FNDA:2,(anonymous_18)
FNDA:1,(anonymous_19)
FNDA:2,(anonymous_20)
FNDA:1,(anonymous_21)
FNDA:0,(anonymous_22)
FNDA:0,(anonymous_23)
DA:1,3
DA:2,3
DA:4,3
DA:5,3
DA:7,3
DA:9,3
DA:20,10
DA:21,10
DA:22,10
DA:23,10
DA:30,10
DA:31,10
DA:32,0
DA:34,10
DA:36,10
DA:40,0
DA:44,10
DA:45,10
DA:46,2
DA:48,10
DA:50,10
DA:55,0
DA:56,0
DA:72,1
DA:73,1
DA:76,1
DA:77,1
DA:78,1
DA:80,0
DA:85,1
DA:86,1
DA:87,1
DA:88,0
DA:91,0
DA:95,1
DA:96,1
DA:102,1
DA:104,1
DA:105,1
DA:108,1
DA:110,0
DA:111,0
DA:114,0
DA:115,0
DA:120,0
DA:121,0
DA:122,0
DA:123,0
DA:124,0
DA:126,0
DA:128,0
DA:129,0
DA:130,0
DA:132,0
DA:133,0
DA:134,0
DA:136,0
DA:138,0
DA:142,0
DA:145,0
DA:147,0
DA:150,0
DA:155,0
DA:156,0
DA:158,0
DA:159,0
DA:161,0
DA:162,0
DA:164,0
DA:165,0
DA:168,0
DA:172,0
DA:174,0
DA:175,0
DA:177,0
DA:180,0
DA:184,0
DA:185,0
DA:186,0
DA:187,0
DA:190,0
DA:194,0
DA:195,0
DA:196,0
DA:201,0
DA:205,0
DA:210,0
DA:212,0
DA:214,0
DA:220,0
DA:226,3
DA:228,3
DA:229,0
DA:230,0
DA:232,3
DA:233,3
DA:234,3
DA:236,3
DA:238,0
DA:239,0
DA:240,0
DA:241,3
DA:243,1
DA:244,2
DA:246,2
DA:247,2
DA:248,2
DA:249,2
DA:251,3
DA:256,2
DA:257,0
DA:258,0
DA:261,2
DA:262,2
DA:263,2
DA:266,2
DA:267,2
DA:270,2
DA:271,0
DA:274,2
DA:279,2
DA:280,1
DA:281,1
DA:282,0
DA:283,0
DA:287,0
DA:292,0
LF:127
LH:58
BRDA:30,0,0,10
BRDA:30,0,1,0
BRDA:31,1,0,0
BRDA:31,1,1,10
BRDA:31,2,0,10
BRDA:31,2,1,10
BRDA:44,3,0,10
BRDA:44,3,1,0
BRDA:45,4,0,2
BRDA:45,4,1,8
BRDA:48,5,0,10
BRDA:48,5,1,0
BRDA:87,6,0,0
BRDA:87,6,1,1
BRDA:104,7,0,1
BRDA:104,7,1,0
BRDA:120,8,0,0
BRDA:120,8,1,0
BRDA:126,9,0,0
BRDA:126,9,1,0
BRDA:132,10,0,0
BRDA:132,10,1,0
BRDA:132,11,0,0
BRDA:132,11,1,0
BRDA:136,12,0,0
BRDA:136,12,1,0
BRDA:156,13,0,0
BRDA:156,13,1,0
BRDA:162,14,0,0
BRDA:162,14,1,0
BRDA:172,15,0,0
BRDA:172,15,1,0
BRDA:174,16,0,0
BRDA:174,16,1,0
BRDA:185,17,0,0
BRDA:185,17,1,0
BRDA:195,18,0,0
BRDA:195,18,1,0
BRDA:212,19,0,0
BRDA:212,19,1,0
BRDA:226,20,0,3
BRDA:226,20,1,1
BRDA:228,21,0,0
BRDA:228,21,1,3
BRDA:234,22,0,3
BRDA:234,22,1,0
BRDA:236,23,0,0
BRDA:236,23,1,3
BRDA:236,24,0,3
BRDA:236,24,1,3
BRDA:241,25,0,1
BRDA:241,25,1,2
BRDA:241,26,0,3
BRDA:241,26,1,1
BRDA:241,26,2,1
BRDA:244,27,0,2
BRDA:244,27,1,0
BRDA:244,28,0,2
BRDA:244,28,1,0
BRDA:244,28,2,0
BRDA:249,29,0,2
BRDA:249,29,1,2
BRDA:256,30,0,0
BRDA:256,30,1,2
BRDA:270,31,0,0
BRDA:270,31,1,2
BRDA:281,32,0,1
BRDA:281,32,1,0
BRF:68
BRH:29
end_of_record
TN:
SF:src/features/subscriber/subscriber.contracts.ts
FNF:0
FNH:0
DA:1,2
DA:3,2
DA:9,2
DA:16,2
DA:21,2
DA:25,2
DA:30,2
DA:35,2
LF:8
LH:8
BRF:0
BRH:0
end_of_record
TN:
SF:src/features/subscriber/subscriber.prompts.ts
FN:5,generateRegularSystemPrompt
FN:12,(anonymous_1)
FN:64,(anonymous_2)
FN:123,(anonymous_3)
FN:167,getDefaultSystemPrompt
FN:168,(anonymous_5)
FN:169,(anonymous_6)
FNF:7
FNH:4
FNDA:16,generateRegularSystemPrompt
FNDA:16,(anonymous_1)
FNDA:4,(anonymous_2)
FNDA:8,(anonymous_3)
FNDA:0,getDefaultSystemPrompt
FNDA:0,(anonymous_5)
FNDA:0,(anonymous_6)
DA:2,1
DA:5,1
DA:9,16
DA:11,16
DA:12,16
DA:15,16
DA:18,16
DA:19,16
DA:20,16
DA:22,16
DA:33,16
DA:37,1
DA:54,16
DA:55,3
DA:56,3
DA:57,3
DA:58,3
DA:59,3
DA:60,3
DA:61,3
DA:62,3
DA:64,3
DA:65,4
DA:66,4
DA:68,4
DA:72,0
DA:74,4
DA:78,0
DA:80,4
DA:84,0
DA:87,4
DA:91,0
DA:93,4
DA:97,0
DA:100,4
DA:101,0
DA:104,4
DA:105,0
DA:107,4
DA:108,0
DA:111,4
DA:112,0
DA:118,16
DA:119,16
DA:120,5
DA:121,5
DA:123,5
DA:124,8
DA:127,8
DA:129,8
DA:130,8
DA:133,8
DA:137,8
DA:141,5
DA:142,5
DA:143,5
DA:144,5
DA:145,5
DA:146,5
DA:149,16
DA:164,16
DA:167,1
DA:168,0
DA:169,0
DA:171,0
DA:204,0
LF:66
LH:53
BRDA:11,0,0,16
BRDA:11,0,1,0
BRDA:15,1,0,16
BRDA:15,1,1,0
BRDA:18,2,0,16
BRDA:18,2,1,16
BRDA:19,3,0,16
BRDA:19,3,1,0
BRDA:20,4,0,16
BRDA:20,4,1,11
BRDA:33,5,0,1
BRDA:33,5,1,15
BRDA:34,6,0,16
BRDA:34,6,1,2
BRDA:54,7,0,3
BRDA:54,7,1,13
BRDA:54,8,0,16
BRDA:54,8,1,16
BRDA:68,9,0,0
BRDA:68,9,1,4
BRDA:69,10,0,4
BRDA:69,10,1,0
BRDA:74,11,0,0
BRDA:74,11,1,4
BRDA:75,12,0,4
BRDA:75,12,1,0
BRDA:80,13,0,0
BRDA:80,13,1,4
BRDA:81,14,0,4
BRDA:81,14,1,0
BRDA:87,15,0,0
BRDA:87,15,1,4
BRDA:88,16,0,4
BRDA:88,16,1,0
BRDA:93,17,0,0
BRDA:93,17,1,4
BRDA:94,18,0,4
BRDA:94,18,1,0
BRDA:100,19,0,0
BRDA:100,19,1,4
BRDA:100,20,0,4
BRDA:100,20,1,0
BRDA:104,21,0,0
BRDA:104,21,1,4
BRDA:104,22,0,4
BRDA:104,22,1,0
BRDA:107,23,0,0
BRDA:107,23,1,4
BRDA:107,24,0,4
BRDA:107,24,1,0
BRDA:111,25,0,0
BRDA:111,25,1,4
BRDA:111,26,0,4
BRDA:111,26,1,0
BRDA:119,27,0,5
BRDA:119,27,1,11
BRDA:124,28,0,1
BRDA:124,28,1,7
BRDA:129,29,0,8
BRDA:129,29,1,0
BRDA:129,30,0,8
BRDA:129,30,1,8
BRDA:133,31,0,8
BRDA:133,31,1,0
BRDA:134,32,0,8
BRDA:134,32,1,8
BRDA:168,33,0,0
BRDA:168,33,1,0
BRDA:168,34,0,0
BRDA:168,34,1,0
BRDA:169,35,0,0
BRDA:169,35,1,0
BRDA:169,36,0,0
BRDA:169,36,1,0
BRF:74
BRH:43
end_of_record
TN:
SF:src/features/subscriber/subscriber.service.ts
FN:8,(anonymous_9)
FN:17,(anonymous_10)
FN:33,(anonymous_11)
FN:55,(anonymous_12)
FN:58,(anonymous_13)
FN:76,(anonymous_14)
FN:84,(anonymous_15)
FN:92,(anonymous_16)
FN:97,(anonymous_17)
FN:101,(anonymous_18)
FN:111,(anonymous_19)
FN:126,(anonymous_20)
FN:166,(anonymous_21)
FN:190,(anonymous_22)
FN:214,(anonymous_23)
FN:225,(anonymous_24)
FN:227,(anonymous_25)
FN:246,(anonymous_26)
FN:247,(anonymous_27)
FN:248,(anonymous_28)
FN:250,(anonymous_29)
FN:251,(anonymous_30)
FN:267,(anonymous_31)
FN:321,(anonymous_32)
FN:322,(anonymous_33)
FN:323,(anonymous_34)
FN:361,(anonymous_35)
FN:376,(anonymous_36)
FN:407,(anonymous_37)
FN:419,(anonymous_38)
FNF:30
FNH:19
FNDA:168,(anonymous_9)
FNDA:22,(anonymous_10)
FNDA:148,(anonymous_11)
FNDA:110,(anonymous_12)
FNDA:0,(anonymous_13)
FNDA:29,(anonymous_14)
FNDA:37,(anonymous_15)
FNDA:22,(anonymous_16)
FNDA:121,(anonymous_17)
FNDA:141,(anonymous_18)
FNDA:243,(anonymous_19)
FNDA:107,(anonymous_20)
FNDA:16,(anonymous_21)
FNDA:0,(anonymous_22)
FNDA:131,(anonymous_23)
FNDA:0,(anonymous_24)
FNDA:0,(anonymous_25)
FNDA:2,(anonymous_26)
FNDA:2,(anonymous_27)
FNDA:2,(anonymous_28)
FNDA:2,(anonymous_29)
FNDA:0,(anonymous_30)
FNDA:0,(anonymous_31)
FNDA:0,(anonymous_32)
FNDA:0,(anonymous_33)
FNDA:0,(anonymous_34)
FNDA:4,(anonymous_35)
FNDA:4,(anonymous_36)
FNDA:0,(anonymous_37)
FNDA:0,(anonymous_38)
DA:3,9
DA:4,9
DA:5,9
DA:7,9
DA:9,168
DA:10,168
DA:18,22
DA:19,22
DA:20,2
DA:23,20
DA:25,20
DA:26,20
DA:27,19
DA:34,148
DA:35,148
DA:36,148
DA:37,148
DA:41,148
DA:45,148
DA:46,60
DA:56,110
DA:57,4
DA:58,4
DA:60,110
DA:61,110
DA:64,110
DA:67,110
DA:70,110
DA:77,29
DA:78,29
DA:85,37
DA:86,37
DA:93,22
DA:94,22
DA:98,121
DA:102,141
DA:103,121
DA:104,0
DA:106,121
DA:108,141
DA:112,243
DA:113,243
DA:114,242
DA:115,71
DA:116,71
DA:117,71
DA:119,171
DA:121,1
DA:122,1
DA:127,107
DA:156,107
DA:157,107
DA:158,93
DA:161,107
DA:162,107
DA:163,107
DA:167,16
DA:168,16
DA:169,16
DA:170,0
DA:173,16
DA:174,16
DA:175,16
DA:178,16
DA:179,16
DA:180,8
DA:183,16
DA:185,0
DA:186,0
DA:191,0
DA:192,0
DA:193,0
DA:194,0
DA:197,0
DA:198,0
DA:199,0
DA:200,0
DA:201,0
DA:202,0
DA:206,0
DA:207,0
DA:209,0
DA:210,0
DA:215,131
DA:216,131
DA:221,0
DA:226,0
DA:227,0
DA:228,0
DA:231,0
DA:232,0
DA:233,0
DA:234,0
DA:236,0
DA:238,0
DA:239,0
DA:241,0
DA:242,0
DA:247,2
DA:248,2
DA:249,2
DA:250,2
DA:251,0
DA:253,2
DA:257,2
DA:268,0
DA:271,0
DA:272,0
DA:276,0
DA:277,0
DA:281,0
DA:282,0
DA:285,0
DA:318,2
DA:322,0
DA:323,0
DA:325,0
DA:358,0
DA:362,4
DA:363,4
DA:364,4
DA:365,0
DA:369,4
DA:370,4
DA:371,0
DA:374,4
DA:376,4
DA:377,4
DA:378,1
DA:379,1
DA:381,3
DA:384,4
DA:386,3
DA:399,4
DA:400,4
DA:402,0
DA:403,0
DA:412,0
DA:413,0
DA:414,0
DA:415,0
DA:419,0
DA:421,0
DA:422,0
DA:426,0
DA:433,0
DA:436,0
DA:437,0
DA:439,0
DA:440,0
LF:150
LH:89
BRDA:9,0,0,168
BRDA:9,0,1,168
BRDA:19,1,0,2
BRDA:19,1,1,20
BRDA:19,2,0,22
BRDA:19,2,1,6
BRDA:27,3,0,19
BRDA:27,3,1,5
BRDA:45,4,0,60
BRDA:45,4,1,88
BRDA:56,5,0,4
BRDA:56,5,1,106
BRDA:56,6,0,110
BRDA:56,6,1,107
BRDA:61,7,0,110
BRDA:61,7,1,110
BRDA:78,8,0,29
BRDA:78,8,1,26
BRDA:78,8,2,21
BRDA:86,9,0,37
BRDA:86,9,1,33
BRDA:94,10,0,22
BRDA:94,10,1,21
BRDA:102,11,0,121
BRDA:102,11,1,20
BRDA:103,12,0,0
BRDA:103,12,1,121
BRDA:114,13,0,71
BRDA:114,13,1,171
BRDA:157,14,0,93
BRDA:157,14,1,14
BRDA:169,15,0,0
BRDA:169,15,1,16
BRDA:179,16,0,8
BRDA:179,16,1,8
BRDA:193,17,0,0
BRDA:193,17,1,0
BRDA:200,18,0,0
BRDA:200,18,1,0
BRDA:232,19,0,0
BRDA:232,19,1,0
BRDA:247,20,0,2
BRDA:247,20,1,0
BRDA:247,21,0,2
BRDA:247,21,1,0
BRDA:248,22,0,2
BRDA:248,22,1,0
BRDA:248,23,0,2
BRDA:248,23,1,0
BRDA:250,24,0,2
BRDA:250,24,1,2
BRDA:253,25,0,0
BRDA:253,25,1,2
BRDA:253,26,0,2
BRDA:253,26,1,2
BRDA:266,27,0,0
BRDA:266,27,1,2
BRDA:266,28,0,2
BRDA:266,28,1,2
BRDA:271,29,0,0
BRDA:271,29,1,0
BRDA:271,30,0,0
BRDA:271,30,1,0
BRDA:276,31,0,0
BRDA:276,31,1,0
BRDA:276,32,0,0
BRDA:276,32,1,0
BRDA:281,33,0,0
BRDA:281,33,1,0
BRDA:281,34,0,0
BRDA:281,34,1,0
BRDA:322,35,0,0
BRDA:322,35,1,0
BRDA:322,36,0,0
BRDA:322,36,1,0
BRDA:323,37,0,0
BRDA:323,37,1,0
BRDA:323,38,0,0
BRDA:323,38,1,0
BRDA:364,39,0,0
BRDA:364,39,1,4
BRDA:370,40,0,0
BRDA:370,40,1,4
BRDA:377,41,0,1
BRDA:377,41,1,3
BRDA:384,42,0,3
BRDA:384,42,1,1
BRDA:414,43,0,0
BRDA:414,43,1,0
BRDA:421,44,0,0
BRDA:421,44,1,0
BRF:91
BRH:51
end_of_record
TN:
SF:src/features/subscriber/subscriber.tools.ts
FN:17,initializeSubscriberTools
FN:27,(anonymous_1)
FN:52,(anonymous_2)
FN:61,(anonymous_3)
FN:159,(anonymous_4)
FN:195,(anonymous_5)
FN:201,(anonymous_6)
FN:284,(anonymous_7)
FN:301,(anonymous_8)
FN:315,(anonymous_9)
FN:392,(anonymous_10)
FN:403,(anonymous_11)
FN:413,(anonymous_12)
FNF:13
FNH:1
FNDA:9,initializeSubscriberTools
FNDA:0,(anonymous_1)
FNDA:0,(anonymous_2)
FNDA:0,(anonymous_3)
FNDA:0,(anonymous_4)
FNDA:0,(anonymous_5)
FNDA:0,(anonymous_6)
FNDA:0,(anonymous_7)
FNDA:0,(anonymous_8)
FNDA:0,(anonymous_9)
FNDA:0,(anonymous_10)
FNDA:0,(anonymous_11)
FNDA:0,(anonymous_12)
DA:2,2
DA:4,2
DA:5,2
DA:6,2
DA:7,2
DA:9,2
DA:17,2
DA:18,9
DA:21,2
DA:28,0
DA:29,0
DA:30,0
DA:31,0
DA:32,0
DA:34,0
DA:36,0
DA:37,0
DA:38,0
DA:42,0
DA:44,0
DA:45,0
DA:46,0
DA:47,0
DA:49,0
DA:51,0
DA:52,0
DA:58,0
DA:60,0
DA:61,0
DA:67,0
DA:68,0
DA:72,0
DA:73,0
DA:80,0
DA:85,0
DA:89,0
DA:91,0
DA:95,0
DA:100,2
DA:160,0
DA:161,0
DA:162,0
DA:163,0
DA:166,0
DA:169,0
DA:170,0
DA:171,0
DA:175,0
DA:195,0
DA:201,0
DA:218,0
DA:228,0
DA:237,0
DA:239,0
DA:243,0
DA:248,2
DA:285,0
DA:286,0
DA:287,0
DA:288,0
DA:291,0
DA:293,0
DA:294,0
DA:295,0
DA:300,0
DA:302,0
DA:306,0
DA:307,0
DA:311,0
DA:314,0
DA:316,0
DA:319,0
DA:321,0
DA:327,0
DA:328,0
DA:341,0
DA:347,0
DA:359,0
DA:360,0
DA:362,0
DA:363,0
DA:370,0
DA:375,0
DA:377,0
DA:381,0
DA:386,2
DA:393,0
DA:397,2
DA:404,0
DA:408,2
DA:414,0
DA:415,0
DA:416,0
DA:417,0
DA:419,0
DA:420,0
DA:421,0
DA:423,0
DA:424,0
DA:429,2
LF:100
LH:15
BRDA:30,0,0,0
BRDA:30,0,1,0
BRDA:37,1,0,0
BRDA:37,1,1,0
BRDA:44,2,0,0
BRDA:44,2,1,0
BRDA:46,3,0,0
BRDA:46,3,1,0
BRDA:49,4,0,0
BRDA:49,4,1,0
BRDA:58,5,0,0
BRDA:58,5,1,0
BRDA:67,6,0,0
BRDA:67,6,1,0
BRDA:72,7,0,0
BRDA:72,7,1,0
BRDA:161,8,0,0
BRDA:161,8,1,0
BRDA:170,9,0,0
BRDA:170,9,1,0
BRDA:195,10,0,0
BRDA:195,10,1,0
BRDA:201,11,0,0
BRDA:201,11,1,0
BRDA:286,12,0,0
BRDA:286,12,1,0
BRDA:294,13,0,0
BRDA:294,13,1,0
BRDA:306,14,0,0
BRDA:306,14,1,0
BRDA:306,15,0,0
BRDA:306,15,1,0
BRDA:321,16,0,0
BRDA:321,16,1,0
BRDA:322,17,0,0
BRDA:322,17,1,0
BRDA:335,18,0,0
BRDA:335,18,1,0
BRDA:338,19,0,0
BRDA:338,19,1,0
BRDA:352,20,0,0
BRDA:352,20,1,0
BRDA:353,21,0,0
BRDA:353,21,1,0
BRDA:359,22,0,0
BRDA:359,22,1,0
BRDA:415,23,0,0
BRDA:415,23,1,0
BRF:48
BRH:0
end_of_record
TN:
SF:src/features/subscriber/subscriber.utils.ts
FN:4,(anonymous_0)
FN:19,(anonymous_1)
FN:35,(anonymous_2)
FNF:3
FNH:2
FNDA:0,(anonymous_0)
FNDA:24,(anonymous_1)
FNDA:28,(anonymous_2)
DA:4,2
DA:5,0
DA:19,2
DA:23,24
DA:24,12
DA:28,12
DA:35,12
DA:37,28
DA:38,28
DA:39,14
DA:43,14
DA:44,14
DA:45,14
DA:46,4
DA:50,10
DA:51,10
DA:52,10
DA:56,12
LF:18
LH:17
BRDA:21,0,0,6
BRDA:23,1,0,12
BRDA:23,1,1,12
BRDA:23,2,0,24
BRDA:23,2,1,24
BRDA:38,3,0,14
BRDA:38,3,1,14
BRDA:43,4,0,14
BRDA:43,4,1,13
BRDA:44,5,0,14
BRDA:44,5,1,10
BRDA:45,6,0,4
BRDA:45,6,1,10
BRDA:50,7,0,10
BRDA:50,7,1,0
BRDA:51,8,0,10
BRDA:51,8,1,0
BRF:17
BRH:15
end_of_record
TN:
SF:src/observability/tracing.ts
FN:11,(anonymous_0)
FN:29,(anonymous_1)
FN:31,(anonymous_2)
FN:94,(anonymous_3)
FN:103,(anonymous_4)
FN:108,(anonymous_5)
FN:114,(anonymous_6)
FN:133,(anonymous_7)
FN:143,(anonymous_8)
FN:162,(anonymous_9)
FN:177,(anonymous_10)
FN:193,(anonymous_11)
FN:209,(anonymous_12)
FN:224,(anonymous_13)
FN:243,(anonymous_14)
FN:258,(anonymous_15)
FN:277,(anonymous_16)
FN:288,(anonymous_17)
FN:293,(anonymous_18)
FNF:19
FNH:2
FNDA:12,(anonymous_0)
FNDA:0,(anonymous_1)
FNDA:0,(anonymous_2)
FNDA:0,(anonymous_3)
FNDA:0,(anonymous_4)
FNDA:0,(anonymous_5)
FNDA:0,(anonymous_6)
FNDA:0,(anonymous_7)
FNDA:0,(anonymous_8)
FNDA:376,(anonymous_9)
FNDA:0,(anonymous_10)
FNDA:0,(anonymous_11)
FNDA:0,(anonymous_12)
FNDA:0,(anonymous_13)
FNDA:0,(anonymous_14)
FNDA:0,(anonymous_15)
FNDA:0,(anonymous_16)
FNDA:0,(anonymous_17)
FNDA:0,(anonymous_18)
DA:1,12
DA:2,12
DA:3,12
DA:4,12
DA:6,12
DA:7,12
DA:8,12
DA:11,12
DA:12,12
DA:13,12
DA:14,12
DA:19,0
DA:26,12
DA:29,12
DA:31,0
DA:32,0
DA:33,0
DA:34,0
DA:36,0
DA:39,0
DA:40,0
DA:45,0
DA:50,0
DA:52,0
DA:53,0
DA:57,0
DA:61,0
DA:64,0
DA:65,0
DA:66,0
DA:71,0
DA:77,0
DA:96,0
DA:105,0
DA:109,0
DA:110,0
DA:111,0
DA:115,0
DA:126,0
DA:128,0
DA:129,0
DA:133,12
DA:138,0
DA:140,0
DA:144,0
DA:145,0
DA:146,0
DA:147,0
DA:149,0
DA:153,0
DA:154,0
DA:156,0
DA:162,12
DA:163,376
DA:164,376
DA:165,376
DA:168,0
DA:169,0
DA:177,12
DA:182,0
DA:193,12
DA:198,0
DA:209,12
DA:214,0
DA:216,0
DA:225,0
DA:226,0
DA:227,0
DA:228,0
DA:230,0
DA:234,0
DA:235,0
DA:237,0
DA:243,12
DA:248,0
DA:250,0
DA:259,0
DA:260,0
DA:261,0
DA:262,0
DA:264,0
DA:268,0
DA:269,0
DA:271,0
DA:277,12
DA:281,0
DA:282,0
DA:283,0
DA:288,12
DA:291,0
DA:292,0
DA:293,0
DA:294,0
LF:93
LH:24
BRDA:16,0,0,12
BRDA:16,0,1,0
BRDA:36,1,0,0
BRDA:36,1,1,0
BRDA:39,2,0,0
BRDA:39,2,1,0
BRDA:50,3,0,0
BRDA:50,3,1,0
BRDA:52,4,0,0
BRDA:52,4,1,0
BRDA:61,5,0,0
BRDA:61,5,1,0
BRDA:64,6,0,0
BRDA:64,6,1,0
BRDA:81,7,0,0
BRDA:81,7,1,0
BRDA:105,8,0,0
BRDA:105,8,1,0
BRDA:110,9,0,0
BRDA:110,9,1,0
BRDA:111,10,0,0
BRDA:111,10,1,0
BRDA:142,11,0,0
BRDA:142,11,1,0
BRDA:151,12,0,0
BRDA:151,12,1,0
BRDA:164,13,0,376
BRDA:164,13,1,0
BRDA:232,14,0,0
BRDA:232,14,1,0
BRDA:266,15,0,0
BRDA:266,15,1,0
BRDA:282,16,0,0
BRDA:282,16,1,0
BRDA:292,17,0,0
BRDA:292,17,1,0
BRF:36
BRH:2
end_of_record
TN:
SF:src/persistence/redis-checkpointer.ts
FN:9,(anonymous_0)
FN:14,(anonymous_1)
FN:38,(anonymous_2)
FN:47,(anonymous_3)
FN:68,(anonymous_4)
FN:99,(anonymous_5)
FN:117,(anonymous_6)
FN:126,(anonymous_7)
FN:144,(anonymous_8)
FN:156,(anonymous_9)
FN:165,(anonymous_10)
FN:185,(anonymous_11)
FNF:12
FNH:3
FNDA:14,(anonymous_0)
FNDA:0,(anonymous_1)
FNDA:0,(anonymous_2)
FNDA:0,(anonymous_3)
FNDA:9,(anonymous_4)
FNDA:0,(anonymous_5)
FNDA:0,(anonymous_6)
FNDA:16,(anonymous_7)
FNDA:0,(anonymous_8)
FNDA:0,(anonymous_9)
FNDA:0,(anonymous_10)
FNDA:0,(anonymous_11)
DA:1,3
DA:4,3
DA:6,3
DA:10,14
DA:11,14
DA:15,0
DA:16,0
DA:18,0
DA:19,0
DA:20,0
DA:22,0
DA:23,0
DA:24,0
DA:26,0
DA:33,0
DA:34,0
DA:44,0
DA:52,0
DA:53,0
DA:55,0
DA:56,0
DA:57,0
DA:62,0
DA:64,0
DA:74,9
DA:75,9
DA:77,9
DA:78,9
DA:84,9
DA:91,9
DA:92,9
DA:94,0
DA:95,0
DA:103,0
DA:104,0
DA:106,0
DA:108,0
DA:109,0
DA:110,0
DA:113,0
DA:118,0
DA:119,0
DA:120,0
DA:122,0
DA:127,16
DA:128,16
DA:129,16
DA:131,15
DA:132,15
DA:139,0
DA:140,0
DA:145,0
DA:146,0
DA:147,0
DA:148,0
DA:149,0
DA:152,0
DA:157,0
DA:158,0
DA:159,0
DA:161,0
DA:162,0
DA:165,0
DA:168,0
DA:169,0
DA:170,0
DA:172,0
DA:180,0
DA:181,0
DA:186,0
DA:187,0
DA:188,0
DA:190,0
DA:191,0
LF:74
LH:17
BRDA:16,0,0,0
BRDA:16,0,1,0
BRDA:20,1,0,0
BRDA:20,1,1,0
BRDA:24,2,0,0
BRDA:24,2,1,0
BRDA:53,3,0,0
BRDA:53,3,1,0
BRDA:75,4,0,0
BRDA:75,4,1,9
BRDA:104,5,0,0
BRDA:104,5,1,0
BRDA:109,6,0,0
BRDA:109,6,1,0
BRDA:129,7,0,1
BRDA:129,7,1,15
BRDA:135,8,0,15
BRDA:135,8,1,0
BRDA:147,9,0,0
BRDA:147,9,1,0
BRDA:161,10,0,0
BRDA:161,10,1,0
BRDA:177,11,0,0
BRDA:177,11,1,0
BRF:24
BRH:4
end_of_record
TN:
SF:src/services/feedback-service.ts
FN:9,(anonymous_0)
FN:13,(anonymous_1)
FN:23,(anonymous_2)
FN:45,(anonymous_3)
FN:57,(anonymous_4)
FN:74,(anonymous_5)
FN:77,(anonymous_6)
FN:84,(anonymous_7)
FN:88,(anonymous_8)
FN:96,(anonymous_9)
FN:107,(anonymous_10)
FN:108,(anonymous_11)
FN:109,(anonymous_12)
FN:113,(anonymous_13)
FN:126,(anonymous_14)
FNF:15
FNH:2
FNDA:1,(anonymous_0)
FNDA:9,(anonymous_1)
FNDA:0,(anonymous_2)
FNDA:0,(anonymous_3)
FNDA:0,(anonymous_4)
FNDA:0,(anonymous_5)
FNDA:0,(anonymous_6)
FNDA:0,(anonymous_7)
FNDA:0,(anonymous_8)
FNDA:0,(anonymous_9)
FNDA:0,(anonymous_10)
FNDA:0,(anonymous_11)
FNDA:0,(anonymous_12)
FNDA:0,(anonymous_13)
FNDA:0,(anonymous_14)
DA:3,2
DA:5,2
DA:10,1
DA:14,9
DA:15,1
DA:16,0
DA:18,1
DA:20,9
DA:24,0
DA:26,0
DA:27,0
DA:30,0
DA:31,0
DA:34,0
DA:35,0
DA:36,0
DA:37,0
DA:38,0
DA:40,0
DA:41,0
DA:46,0
DA:47,0
DA:48,0
DA:49,0
DA:50,0
DA:52,0
DA:53,0
DA:58,0
DA:59,0
DA:60,0
DA:62,0
DA:63,0
DA:67,0
DA:69,0
DA:70,0
DA:75,0
DA:76,0
DA:77,0
DA:79,0
DA:80,0
DA:85,0
DA:86,0
DA:87,0
DA:88,0
DA:91,0
DA:92,0
DA:103,0
DA:104,0
DA:106,0
DA:107,0
DA:108,0
DA:109,0
DA:112,0
DA:113,0
DA:114,0
DA:117,0
DA:120,0
DA:121,0
DA:122,0
DA:123,0
DA:124,0
DA:126,0
DA:127,0
DA:130,0
DA:136,0
DA:144,0
DA:145,0
LF:67
LH:7
BRDA:14,0,0,1
BRDA:14,0,1,8
BRDA:15,1,0,0
BRDA:15,1,1,1
BRDA:50,2,0,0
BRDA:50,2,1,0
BRDA:62,3,0,0
BRDA:62,3,1,0
BRDA:74,4,0,0
BRDA:84,5,0,0
BRDA:114,6,0,0
BRDA:114,6,1,0
BRF:12
BRH:3
end_of_record
TN:
SF:src/services/stripe-service.ts
FN:9,(anonymous_1)
FN:11,(anonymous_2)
FN:18,(anonymous_3)
FN:29,(anonymous_4)
FN:89,(anonymous_5)
FN:104,(anonymous_6)
FNF:6
FNH:6
FNDA:30,(anonymous_1)
FNDA:33,(anonymous_2)
FNDA:33,(anonymous_3)
FNDA:24,(anonymous_4)
FNDA:3,(anonymous_5)
FNDA:5,(anonymous_6)
DA:1,1
DA:3,1
DA:5,1
DA:7,30
DA:12,33
DA:13,30
DA:15,33
DA:19,33
DA:20,2
DA:23,2
DA:24,2
DA:26,31
DA:30,24
DA:31,2
DA:34,2
DA:37,22
DA:40,22
DA:42,22
DA:47,18
DA:48,5
DA:52,5
DA:55,12
DA:56,12
DA:61,11
DA:67,11
DA:68,6
DA:72,6
DA:74,4
DA:78,4
DA:81,7
DA:85,7
DA:94,3
DA:95,0
DA:97,3
DA:106,5
LF:35
LH:34
BRDA:12,0,0,30
BRDA:12,0,1,3
BRDA:19,1,0,2
BRDA:19,1,1,31
BRDA:30,2,0,2
BRDA:30,2,1,22
BRDA:47,3,0,5
BRDA:47,3,1,12
BRDA:67,4,0,6
BRDA:67,4,1,4
BRDA:94,5,0,0
BRDA:94,5,1,3
BRF:12
BRH:11
end_of_record
TN:
SF:src/services/stripe-webhook-service.ts
FN:7,(anonymous_0)
FN:13,(anonymous_1)
FN:49,(anonymous_2)
FNF:3
FNH:3
FNDA:30,(anonymous_0)
FNDA:3,(anonymous_1)
FNDA:2,(anonymous_2)
DA:3,1
DA:6,1
DA:8,30
DA:9,30
DA:10,30
DA:19,3
DA:21,3
DA:22,0
DA:23,0
DA:26,3
DA:32,1
DA:33,1
DA:37,2
DA:41,2
DA:42,2
DA:45,0
DA:50,2
DA:51,2
DA:52,2
DA:54,2
DA:55,0
DA:56,0
DA:59,2
DA:61,2
DA:66,2
LF:25
LH:20
BRDA:21,0,0,0
BRDA:21,0,1,3
BRDA:37,1,0,1
BRDA:37,1,1,2
BRDA:37,1,2,2
BRDA:37,1,3,0
BRDA:54,2,0,0
BRDA:54,2,1,2
BRDA:59,3,0,2
BRDA:59,3,1,1
BRF:10
BRH:7
end_of_record
TN:
SF:src/tools/contracts.ts
FNF:0
FNH:0
DA:1,2
DA:4,2
LF:2
LH:2
BRF:0
BRH:0
end_of_record
TN:
SF:src/tools/feedback-tools.ts
FN:11,initializeFeedbackTools
FN:16,analyzeSentiment
FN:21,(anonymous_2)
FN:22,(anonymous_3)
FN:29,extractActionItems
FN:33,(anonymous_5)
FN:34,(anonymous_6)
FN:35,(anonymous_7)
FN:38,categorizeFeedback
FN:45,(anonymous_9)
FN:46,(anonymous_10)
FN:47,(anonymous_11)
FN:55,(anonymous_12)
FNF:13
FNH:1
FNDA:9,initializeFeedbackTools
FNDA:0,analyzeSentiment
FNDA:0,(anonymous_2)
FNDA:0,(anonymous_3)
FNDA:0,extractActionItems
FNDA:0,(anonymous_5)
FNDA:0,(anonymous_6)
FNDA:0,(anonymous_7)
FNDA:0,categorizeFeedback
FNDA:0,(anonymous_9)
FNDA:0,(anonymous_10)
FNDA:0,(anonymous_11)
FNDA:0,(anonymous_12)
DA:2,2
DA:3,2
DA:5,2
DA:6,2
DA:7,2
DA:11,2
DA:12,9
DA:17,0
DA:18,0
DA:20,0
DA:21,0
DA:22,0
DA:24,0
DA:25,0
DA:26,0
DA:30,0
DA:31,0
DA:33,0
DA:34,0
DA:35,0
DA:39,0
DA:40,0
DA:41,0
DA:43,0
DA:45,0
DA:46,0
DA:47,0
DA:48,0
DA:51,2
DA:56,0
DA:57,0
DA:58,0
DA:59,0
DA:60,0
DA:70,0
DA:71,0
DA:73,0
DA:74,0
DA:79,2
LF:39
LH:9
BRDA:24,0,0,0
BRDA:24,0,1,0
BRDA:25,1,0,0
BRDA:25,1,1,0
BRDA:45,2,0,0
BRDA:45,2,1,0
BRDA:46,3,0,0
BRDA:46,3,1,0
BRDA:47,4,0,0
BRDA:47,4,1,0
BRF:10
BRH:0
end_of_record
TN:
SF:src/util/message-formatters.ts
FN:6,markdownToWhatsApp
FN:10,(anonymous_1)
FN:41,(anonymous_2)
FN:52,splitMessageBySeparator
FN:55,(anonymous_4)
FN:56,(anonymous_5)
FN:65,processMarkdownForWhatsApp
FNF:7
FNH:7
FNDA:20,markdownToWhatsApp
FNDA:7,(anonymous_1)
FNDA:7,(anonymous_2)
FNDA:8,splitMessageBySeparator
FNDA:20,(anonymous_4)
FNDA:20,(anonymous_5)
FNDA:2,processMarkdownForWhatsApp
DA:6,5
DA:7,20
DA:10,20
DA:13,20
DA:16,20
DA:17,20
DA:20,20
DA:24,20
DA:25,20
DA:28,20
DA:29,20
DA:32,20
DA:33,20
DA:36,20
DA:37,20
DA:38,20
DA:41,20
DA:43,20
DA:52,5
DA:53,8
DA:54,8
DA:55,20
DA:56,20
DA:65,5
DA:66,2
DA:67,2
LF:26
LH:26
BRDA:52,0,0,3
BRDA:65,1,0,2
BRF:2
BRH:2
end_of_record
TN:
SF:src/util/profile-reflection.ts
FN:2,getMissingProfileFieldsReflective
FN:16,(anonymous_1)
FNF:2
FNH:2
FNDA:123,getMissingProfileFieldsReflective
FNDA:48,(anonymous_1)
DA:2,9
DA:3,123
DA:4,123
DA:5,395
DA:6,395
DA:12,200
DA:15,395
DA:16,246
DA:17,48
DA:18,48
DA:19,405
DA:24,0
DA:31,123
LF:13
LH:12
BRDA:6,0,0,200
BRDA:6,0,1,195
BRDA:7,1,0,395
BRDA:7,1,1,394
BRDA:7,1,2,394
BRDA:7,1,3,147
BRDA:7,1,4,394
BRDA:7,1,5,246
BRDA:15,2,0,246
BRDA:15,2,1,149
BRDA:17,3,0,48
BRDA:17,3,1,0
BRDA:17,4,0,48
BRDA:17,4,1,48
BRDA:19,5,0,0
BRDA:19,5,1,405
BRDA:20,6,0,405
BRDA:20,6,1,405
BRDA:20,6,2,405
BRDA:20,6,3,120
BRF:20
BRH:18
end_of_record
